Using pre-set license
Built from '2021.3/staging' branch; Version is '2021.3.19f1 (c9714fde33b6) revision 13201743'; Using compiler version '192829333'; Build Type 'Release'
OS: 'Windows 11  (10.0.22621) 64bit Core' Language: 'en' Physical Memory: 32444 MB
BatchMode: 1, IsHumanControllingUs: 0, StartBugReporterOnCrash: 0, Is64bit: 1, IsPro: 1

COMMAND LINE ARGUMENTS:
C:\Program Files\Unity\Hub\Editor\2021.3.19f1\Editor\Unity.exe
-adb2
-batchMode
-noUpm
-name
AssetImportWorker0
-projectPath
G:/Uni/The-ol-greybox-Test/Mansion Prototype/Mansion Prototype
-logFile
Logs/AssetImportWorker0.log
-srvPort
62190
Successfully changed project path to: G:/Uni/The-ol-greybox-Test/Mansion Prototype/Mansion Prototype
G:/Uni/The-ol-greybox-Test/Mansion Prototype/Mansion Prototype
[UnityMemory] Configuration Parameters - Can be set up in boot.config
    "memorysetup-bucket-allocator-granularity=16"
    "memorysetup-bucket-allocator-bucket-count=8"
    "memorysetup-bucket-allocator-block-size=33554432"
    "memorysetup-bucket-allocator-block-count=8"
    "memorysetup-main-allocator-block-size=16777216"
    "memorysetup-thread-allocator-block-size=16777216"
    "memorysetup-gfx-main-allocator-block-size=16777216"
    "memorysetup-gfx-thread-allocator-block-size=16777216"
    "memorysetup-cache-allocator-block-size=4194304"
    "memorysetup-typetree-allocator-block-size=2097152"
    "memorysetup-profiler-bucket-allocator-granularity=16"
    "memorysetup-profiler-bucket-allocator-bucket-count=8"
    "memorysetup-profiler-bucket-allocator-block-size=33554432"
    "memorysetup-profiler-bucket-allocator-block-count=8"
    "memorysetup-profiler-allocator-block-size=16777216"
    "memorysetup-profiler-editor-allocator-block-size=1048576"
    "memorysetup-temp-allocator-size-main=16777216"
    "memorysetup-job-temp-allocator-block-size=2097152"
    "memorysetup-job-temp-allocator-block-size-background=1048576"
    "memorysetup-job-temp-allocator-reduction-small-platforms=262144"
    "memorysetup-temp-allocator-size-background-worker=32768"
    "memorysetup-temp-allocator-size-job-worker=262144"
    "memorysetup-temp-allocator-size-preload-manager=33554432"
    "memorysetup-temp-allocator-size-nav-mesh-worker=65536"
    "memorysetup-temp-allocator-size-audio-worker=65536"
    "memorysetup-temp-allocator-size-cloud-worker=32768"
    "memorysetup-temp-allocator-size-gi-baking-worker=262144"
    "memorysetup-temp-allocator-size-gfx=262144"
Player connection [41884] Host "[IP] 192.168.0.63 [Port] 0 [Flags] 2 [Guid] 3558839052 [EditorId] 3558839052 [Version] 1048832 [Id] WindowsEditor(7,Firebird) [Debug] 1 [PackageName] WindowsEditor [ProjectName] Editor" joined multi-casting on [225.0.0.222:54997]...

Player connection [41884] Host "[IP] 192.168.0.63 [Port] 0 [Flags] 2 [Guid] 3558839052 [EditorId] 3558839052 [Version] 1048832 [Id] WindowsEditor(7,Firebird) [Debug] 1 [PackageName] WindowsEditor [ProjectName] Editor" joined alternative multi-casting on [225.0.0.222:34997]...

Refreshing native plugins compatible for Editor in 111.75 ms, found 3 plugins.
Preloading 0 native plugins for Editor in 0.00 ms.
Initialize engine version: 2021.3.19f1 (c9714fde33b6)
[Subsystems] Discovering subsystems at path C:/Program Files/Unity/Hub/Editor/2021.3.19f1/Editor/Data/Resources/UnitySubsystems
[Subsystems] Discovering subsystems at path G:/Uni/The-ol-greybox-Test/Mansion Prototype/Mansion Prototype/Assets
GfxDevice: creating device client; threaded=0; jobified=0
Direct3D:
    Version:  Direct3D 11.0 [level 11.1]
    Renderer: NVIDIA GeForce RTX 2080 Ti (ID=0x1e07)
    Vendor:   NVIDIA
    VRAM:     11041 MB
    Driver:   31.0.15.3141
Shader 'Custom/AdditiveTintable': fallback shader 'Particles/Additive (Soft)' not found
Initialize mono
Mono path[0] = 'C:/Program Files/Unity/Hub/Editor/2021.3.19f1/Editor/Data/Managed'
Mono path[1] = 'C:/Program Files/Unity/Hub/Editor/2021.3.19f1/Editor/Data/MonoBleedingEdge/lib/mono/unityjit-win32'
Mono config path = 'C:/Program Files/Unity/Hub/Editor/2021.3.19f1/Editor/Data/MonoBleedingEdge/etc'
Using monoOptions --debugger-agent=transport=dt_socket,embedding=1,server=y,suspend=n,address=127.0.0.1:56568
Begin MonoManager ReloadAssembly
Registering precompiled unity dll's ...
Register platform support module: C:/Program Files/Unity/Hub/Editor/2021.3.19f1/Editor/Data/PlaybackEngines/WindowsStandaloneSupport/UnityEditor.WindowsStandalone.Extensions.dll
Registered in 0.003805 seconds.
Native extension for WindowsStandalone target not found
Refreshing native plugins compatible for Editor in 110.24 ms, found 3 plugins.
Preloading 0 native plugins for Editor in 0.00 ms.
Mono: successfully reloaded assembly
- Completed reload, in  0.588 seconds
Domain Reload Profiling:
	ReloadAssembly (588ms)
		BeginReloadAssembly (58ms)
			ExecutionOrderSort (0ms)
			DisableScriptedObjects (0ms)
			BackupInstance (0ms)
			ReleaseScriptingObjects (0ms)
			CreateAndSetChildDomain (1ms)
		EndReloadAssembly (435ms)
			LoadAssemblies (56ms)
			RebuildTransferFunctionScriptingTraits (0ms)
			SetupTypeCache (96ms)
			ReleaseScriptCaches (0ms)
			RebuildScriptCaches (24ms)
			SetupLoadedEditorAssemblies (273ms)
				LogAssemblyErrors (0ms)
				InitializePlatformSupportModulesInManaged (6ms)
				SetLoadedEditorAssemblies (0ms)
				RefreshPlugins (110ms)
				BeforeProcessingInitializeOnLoad (1ms)
				ProcessInitializeOnLoadAttributes (117ms)
				ProcessInitializeOnLoadMethodAttributes (39ms)
				AfterProcessingInitializeOnLoad (0ms)
				EditorAssembliesLoaded (0ms)
			ExecutionOrderSort2 (0ms)
			AwakeInstancesAfterBackupRestoration (0ms)
Platform modules already initialized, skipping
Registering precompiled user dll's ...
Registered in 0.006696 seconds.
Begin MonoManager ReloadAssembly
Symbol file LoadedFromMemory doesn't match image G:\Uni\The-ol-greybox-Test\Mansion Prototype\Mansion Prototype\Library\PackageCache\com.unity.visualscripting@1.8.0\Editor\VisualScripting.Core\Dependencies\YamlDotNet\Unity.VisualScripting.YamlDotNet.dll
Symbol file LoadedFromMemory doesn't match image G:\Uni\The-ol-greybox-Test\Mansion Prototype\Mansion Prototype\Library\PackageCache\com.unity.visualscripting@1.8.0\Editor\VisualScripting.Core\Dependencies\DotNetZip\Unity.VisualScripting.IonicZip.dll
Native extension for WindowsStandalone target not found
Refreshing native plugins compatible for Editor in 109.25 ms, found 3 plugins.
Preloading 0 native plugins for Editor in 0.00 ms.
Mono: successfully reloaded assembly
- Completed reload, in  1.246 seconds
Domain Reload Profiling:
	ReloadAssembly (1246ms)
		BeginReloadAssembly (97ms)
			ExecutionOrderSort (0ms)
			DisableScriptedObjects (5ms)
			BackupInstance (0ms)
			ReleaseScriptingObjects (0ms)
			CreateAndSetChildDomain (19ms)
		EndReloadAssembly (1048ms)
			LoadAssemblies (76ms)
			RebuildTransferFunctionScriptingTraits (0ms)
			SetupTypeCache (299ms)
			ReleaseScriptCaches (1ms)
			RebuildScriptCaches (60ms)
			SetupLoadedEditorAssemblies (575ms)
				LogAssemblyErrors (0ms)
				InitializePlatformSupportModulesInManaged (4ms)
				SetLoadedEditorAssemblies (0ms)
				RefreshPlugins (109ms)
				BeforeProcessingInitializeOnLoad (99ms)
				ProcessInitializeOnLoadAttributes (289ms)
				ProcessInitializeOnLoadMethodAttributes (67ms)
				AfterProcessingInitializeOnLoad (6ms)
				EditorAssembliesLoaded (0ms)
			ExecutionOrderSort2 (0ms)
			AwakeInstancesAfterBackupRestoration (6ms)
Platform modules already initialized, skipping
========================================================================
Worker process is ready to serve import requests
Shader 'Custom/AdditiveTintable': fallback shader 'Particles/Additive (Soft)' not found
Launched and connected shader compiler UnityShaderCompiler.exe after 0.03 seconds
Refreshing native plugins compatible for Editor in 0.97 ms, found 3 plugins.
Preloading 0 native plugins for Editor in 0.00 ms.
Unloading 5365 Unused Serialized files (Serialized files now loaded: 0)
Unloading 51 unused Assets / (1.5 MB). Loaded Objects now: 5814.
Memory consumption went from 216.8 MB to 215.3 MB.
Total: 4.335700 ms (FindLiveObjects: 0.519300 ms CreateObjectMapping: 0.537000 ms MarkObjects: 2.744000 ms  DeleteObjects: 0.534700 ms)

AssetImportParameters requested are different than current active one (requested -> active):
  custom:video-decoder-ogg-theora: a1e56fd34408186e4bbccfd4996cb3dc -> 
  custom:container-muxer-webm: aa71ff27fc2769a1b78a27578f13a17b -> 
  custom:container-demuxer-webm: 4f35f7cbe854078d1ac9338744f61a02 -> 
  custom:video-encoder-webm-vp8: eb34c28f22e8b96e1ab97ce403110664 -> 
  custom:audio-encoder-webm-vorbis: bf7c407c2cedff20999df2af8eb42d56 -> 
  custom:framework-win-MediaFoundation: 216162199b28c13a410421893ffa2e32 -> 
  custom:container-demuxer-ogg: 62fdf1f143b41e24485cea50d1cbac27 -> 
  custom:video-decoder-webm-vp8: 9c59270c3fd7afecdb556c50c9e8de78 -> 
  custom:audio-decoder-ogg-vorbis: bf7c407c2cedff20999df2af8eb42d56 -> 
========================================================================
Received Import Request.
  Time since last request: 930922.498432 seconds.
  path: Assets/PyroParticles/Prefab
  artifactKey: Guid(1f512f196d39a9848951edc97c7aa360) Importer(815301076,1909f56bfc062723c751e8b465ee728b)
Start importing Assets/PyroParticles/Prefab using Guid(1f512f196d39a9848951edc97c7aa360) Importer(815301076,1909f56bfc062723c751e8b465ee728b)  -> (artifact id: '824e8737e1241b03755bff1754216db8') in 0.023534 seconds 
========================================================================
Received Import Request.
  Time since last request: 2.041956 seconds.
  path: Assets/PyroParticles/Prefab/Prefab
  artifactKey: Guid(9f30d71d1c80b334ca4a2e3a92e02f8d) Importer(815301076,1909f56bfc062723c751e8b465ee728b)
Start importing Assets/PyroParticles/Prefab/Prefab using Guid(9f30d71d1c80b334ca4a2e3a92e02f8d) Importer(815301076,1909f56bfc062723c751e8b465ee728b)  -> (artifact id: '4529f0be6183315c5b9b4c73a42f0ee8') in 0.002709 seconds 
========================================================================
Received Import Request.
  Time since last request: 0.078737 seconds.
  path: Assets/PyroParticles/Prefab/Prefab/CampFire.prefab
  artifactKey: Guid(8a23a06107e96134598493163a37174f) Importer(815301076,1909f56bfc062723c751e8b465ee728b)
Start importing Assets/PyroParticles/Prefab/Prefab/CampFire.prefab using Guid(8a23a06107e96134598493163a37174f) Importer(815301076,1909f56bfc062723c751e8b465ee728b)  -> (artifact id: 'd1f6b57c29244f8b10283ba108798c64') in 0.280701 seconds 
========================================================================
Received Import Request.
  Time since last request: 0.000025 seconds.
  path: Assets/PyroParticles/Prefab/Prefab/Flamethrower.prefab
  artifactKey: Guid(50daa816369323b42b56093bb108296f) Importer(815301076,1909f56bfc062723c751e8b465ee728b)
Start importing Assets/PyroParticles/Prefab/Prefab/Flamethrower.prefab using Guid(50daa816369323b42b56093bb108296f) Importer(815301076,1909f56bfc062723c751e8b465ee728b)  -> (artifact id: '98915b0ad4b4f3e7533edd45b2b04139') in 0.016625 seconds 
========================================================================
Received Import Request.
  Time since last request: 0.000042 seconds.
  path: Assets/PyroParticles/Prefab/Prefab/Firebolt.prefab
  artifactKey: Guid(369eee557c4d41c479225bf744fa6a5f) Importer(815301076,1909f56bfc062723c751e8b465ee728b)
Start importing Assets/PyroParticles/Prefab/Prefab/Firebolt.prefab using Guid(369eee557c4d41c479225bf744fa6a5f) Importer(815301076,1909f56bfc062723c751e8b465ee728b)  -> (artifact id: 'b990b37b1e2326937d4281b83af95b25') in 0.017469 seconds 
========================================================================
Received Import Request.
  Time since last request: 0.000022 seconds.
  path: Assets/PyroParticles/Prefab/Prefab/SmallFires.prefab
  artifactKey: Guid(18faec2a14493684d905501076799765) Importer(815301076,1909f56bfc062723c751e8b465ee728b)
Start importing Assets/PyroParticles/Prefab/Prefab/SmallFires.prefab using Guid(18faec2a14493684d905501076799765) Importer(815301076,1909f56bfc062723c751e8b465ee728b)  -> (artifact id: 'd7ba612c71ba0d6208ada219467e5f31') in 0.015431 seconds 
========================================================================
Received Import Request.
  Time since last request: 0.000023 seconds.
  path: Assets/PyroParticles/Prefab/Prefab/Meteor.prefab
  artifactKey: Guid(8aeb2c0224fe763499eed3ec0587162b) Importer(815301076,1909f56bfc062723c751e8b465ee728b)
Start importing Assets/PyroParticles/Prefab/Prefab/Meteor.prefab using Guid(8aeb2c0224fe763499eed3ec0587162b) Importer(815301076,1909f56bfc062723c751e8b465ee728b)  -> (artifact id: '6f7b9e3c308f58cbe1d2eefea00f618e') in 0.048143 seconds 
========================================================================
Received Import Request.
  Time since last request: 0.000025 seconds.
  path: Assets/PyroParticles/Prefab/Prefab/Flamestrike.prefab
  artifactKey: Guid(b86c5b2aa8096224886b7d41a74230ac) Importer(815301076,1909f56bfc062723c751e8b465ee728b)
Start importing Assets/PyroParticles/Prefab/Prefab/Flamestrike.prefab using Guid(b86c5b2aa8096224886b7d41a74230ac) Importer(815301076,1909f56bfc062723c751e8b465ee728b)  -> (artifact id: '8a909c159d1e8539730a876eaaea35f0') in 0.016594 seconds 
========================================================================
Received Import Request.
  Time since last request: 16.240249 seconds.
  path: Assets/PyroParticles/Prefab/Materials/FireParticleFlame3SheetMaterial.mat
  artifactKey: Guid(c8741e37416c2c340840b041f165218a) Importer(815301076,1909f56bfc062723c751e8b465ee728b)
Start importing Assets/PyroParticles/Prefab/Materials/FireParticleFlame3SheetMaterial.mat using Guid(c8741e37416c2c340840b041f165218a) Importer(815301076,1909f56bfc062723c751e8b465ee728b)  -> (artifact id: '874bbc8748024e99b89c4ff433328635') in 0.053149 seconds 
========================================================================
Received Import Request.
  Time since last request: 0.000022 seconds.
  path: Assets/PyroParticles/Prefab/Materials/FireParticleMeteorSheetMaterial.mat
  artifactKey: Guid(9adad2d2767f88e4dbb1b2b0cf704110) Importer(815301076,1909f56bfc062723c751e8b465ee728b)
Start importing Assets/PyroParticles/Prefab/Materials/FireParticleMeteorSheetMaterial.mat using Guid(9adad2d2767f88e4dbb1b2b0cf704110) Importer(815301076,1909f56bfc062723c751e8b465ee728b)  -> (artifact id: 'da3bc8b42b124a80dac0f27d3d3d08a9') in 0.014578 seconds 
========================================================================
Received Import Request.
  Time since last request: 0.000032 seconds.
  path: Assets/PyroParticles/Prefab/Materials/FireParticleMeteor4Material.mat
  artifactKey: Guid(9f663aa0d3dc3f44389306ed68c6c668) Importer(815301076,1909f56bfc062723c751e8b465ee728b)
Start importing Assets/PyroParticles/Prefab/Materials/FireParticleMeteor4Material.mat using Guid(9f663aa0d3dc3f44389306ed68c6c668) Importer(815301076,1909f56bfc062723c751e8b465ee728b)  -> (artifact id: 'a0f806b1dbb388fbdbbb1e21469ca432') in 0.016736 seconds 
========================================================================
Received Import Request.
  Time since last request: 0.000031 seconds.
  path: Assets/PyroParticles/Prefab/Materials/FireParticleGlowMaterial.mat
  artifactKey: Guid(3eb8cc4a6fb112f418bc9ccff02be21f) Importer(815301076,1909f56bfc062723c751e8b465ee728b)
Start importing Assets/PyroParticles/Prefab/Materials/FireParticleGlowMaterial.mat using Guid(3eb8cc4a6fb112f418bc9ccff02be21f) Importer(815301076,1909f56bfc062723c751e8b465ee728b)  -> (artifact id: 'f8bd988fc497b5b933c8c67cae069948') in 0.014726 seconds 
========================================================================
Received Import Request.
  Time since last request: 0.000022 seconds.
  path: Assets/PyroParticles/Prefab/Materials/FireParticleMeteor2Material.mat
  artifactKey: Guid(06bcc524020473946802a42e97a47794) Importer(815301076,1909f56bfc062723c751e8b465ee728b)
Start importing Assets/PyroParticles/Prefab/Materials/FireParticleMeteor2Material.mat using Guid(06bcc524020473946802a42e97a47794) Importer(815301076,1909f56bfc062723c751e8b465ee728b)  -> (artifact id: '4201f49b883c26d2392622943333a1ef') in 0.020430 seconds 
========================================================================
Received Import Request.
  Time since last request: 0.000028 seconds.
  path: Assets/PyroParticles/Prefab/Materials/FireParticleMeteor3Material.mat
  artifactKey: Guid(3a0fd5be2a3fcea46aeeee98d9790939) Importer(815301076,1909f56bfc062723c751e8b465ee728b)
Start importing Assets/PyroParticles/Prefab/Materials/FireParticleMeteor3Material.mat using Guid(3a0fd5be2a3fcea46aeeee98d9790939) Importer(815301076,1909f56bfc062723c751e8b465ee728b)  -> (artifact id: 'b5f4179264115c357468a840a169fa57') in 0.014001 seconds 
========================================================================
Received Import Request.
  Time since last request: 0.000022 seconds.
  path: Assets/PyroParticles/Prefab/Materials/FireParticleMeteorPhysicsMaterial.physicMaterial
  artifactKey: Guid(9dbc457aacb4ed945a27532a755ba760) Importer(815301076,1909f56bfc062723c751e8b465ee728b)
Start importing Assets/PyroParticles/Prefab/Materials/FireParticleMeteorPhysicsMaterial.physicMaterial using Guid(9dbc457aacb4ed945a27532a755ba760) Importer(815301076,1909f56bfc062723c751e8b465ee728b)  -> (artifact id: '62c929c9693ee6e8a3297c2cce8eda79') in 0.007994 seconds 
Editor requested this worker to shutdown with reason: Scaling down because of idle timeout
AssetImportWorker is now disconnected from the server
Process exiting
Exiting without the bug reporter. Application will terminate with return code 0