Using pre-set license
Built from '2021.3/staging' branch; Version is '2021.3.19f1 (c9714fde33b6) revision 13201743'; Using compiler version '192829333'; Build Type 'Release'
OS: 'Windows 11  (10.0.22621) 64bit Core' Language: 'en' Physical Memory: 32444 MB
BatchMode: 1, IsHumanControllingUs: 0, StartBugReporterOnCrash: 0, Is64bit: 1, IsPro: 1

COMMAND LINE ARGUMENTS:
C:\Program Files\Unity\Hub\Editor\2021.3.19f1\Editor\Unity.exe
-adb2
-batchMode
-noUpm
-name
AssetImportWorker4
-projectPath
G:/Uni/The-ol-greybox-Test/Mansion Prototype/Mansion Prototype
-logFile
Logs/AssetImportWorker4.log
-srvPort
62190
Successfully changed project path to: G:/Uni/The-ol-greybox-Test/Mansion Prototype/Mansion Prototype
G:/Uni/The-ol-greybox-Test/Mansion Prototype/Mansion Prototype
[UnityMemory] Configuration Parameters - Can be set up in boot.config
    "memorysetup-bucket-allocator-granularity=16"
    "memorysetup-bucket-allocator-bucket-count=8"
    "memorysetup-bucket-allocator-block-size=33554432"
    "memorysetup-bucket-allocator-block-count=8"
    "memorysetup-main-allocator-block-size=16777216"
    "memorysetup-thread-allocator-block-size=16777216"
    "memorysetup-gfx-main-allocator-block-size=16777216"
    "memorysetup-gfx-thread-allocator-block-size=16777216"
    "memorysetup-cache-allocator-block-size=4194304"
    "memorysetup-typetree-allocator-block-size=2097152"
    "memorysetup-profiler-bucket-allocator-granularity=16"
    "memorysetup-profiler-bucket-allocator-bucket-count=8"
    "memorysetup-profiler-bucket-allocator-block-size=33554432"
    "memorysetup-profiler-bucket-allocator-block-count=8"
    "memorysetup-profiler-allocator-block-size=16777216"
    "memorysetup-profiler-editor-allocator-block-size=1048576"
    "memorysetup-temp-allocator-size-main=16777216"
    "memorysetup-job-temp-allocator-block-size=2097152"
    "memorysetup-job-temp-allocator-block-size-background=1048576"
    "memorysetup-job-temp-allocator-reduction-small-platforms=262144"
    "memorysetup-temp-allocator-size-background-worker=32768"
    "memorysetup-temp-allocator-size-job-worker=262144"
    "memorysetup-temp-allocator-size-preload-manager=33554432"
    "memorysetup-temp-allocator-size-nav-mesh-worker=65536"
    "memorysetup-temp-allocator-size-audio-worker=65536"
    "memorysetup-temp-allocator-size-cloud-worker=32768"
    "memorysetup-temp-allocator-size-gi-baking-worker=262144"
    "memorysetup-temp-allocator-size-gfx=262144"
Player connection [47336] Host "[IP] 192.168.0.63 [Port] 0 [Flags] 2 [Guid] 1011317504 [EditorId] 1011317504 [Version] 1048832 [Id] WindowsEditor(7,Firebird) [Debug] 1 [PackageName] WindowsEditor [ProjectName] Editor" joined multi-casting on [225.0.0.222:54997]...

Player connection [47336] Host "[IP] 192.168.0.63 [Port] 0 [Flags] 2 [Guid] 1011317504 [EditorId] 1011317504 [Version] 1048832 [Id] WindowsEditor(7,Firebird) [Debug] 1 [PackageName] WindowsEditor [ProjectName] Editor" joined alternative multi-casting on [225.0.0.222:34997]...

Refreshing native plugins compatible for Editor in 110.43 ms, found 3 plugins.
Preloading 0 native plugins for Editor in 0.00 ms.
Initialize engine version: 2021.3.19f1 (c9714fde33b6)
[Subsystems] Discovering subsystems at path C:/Program Files/Unity/Hub/Editor/2021.3.19f1/Editor/Data/Resources/UnitySubsystems
[Subsystems] Discovering subsystems at path G:/Uni/The-ol-greybox-Test/Mansion Prototype/Mansion Prototype/Assets
GfxDevice: creating device client; threaded=0; jobified=0
Direct3D:
    Version:  Direct3D 11.0 [level 11.1]
    Renderer: NVIDIA GeForce RTX 2080 Ti (ID=0x1e07)
    Vendor:   NVIDIA
    VRAM:     11041 MB
    Driver:   31.0.15.3141
Shader 'Custom/AdditiveTintable': fallback shader 'Particles/Additive (Soft)' not found
Initialize mono
Mono path[0] = 'C:/Program Files/Unity/Hub/Editor/2021.3.19f1/Editor/Data/Managed'
Mono path[1] = 'C:/Program Files/Unity/Hub/Editor/2021.3.19f1/Editor/Data/MonoBleedingEdge/lib/mono/unityjit-win32'
Mono config path = 'C:/Program Files/Unity/Hub/Editor/2021.3.19f1/Editor/Data/MonoBleedingEdge/etc'
Using monoOptions --debugger-agent=transport=dt_socket,embedding=1,server=y,suspend=n,address=127.0.0.1:56808
Begin MonoManager ReloadAssembly
Registering precompiled unity dll's ...
Register platform support module: C:/Program Files/Unity/Hub/Editor/2021.3.19f1/Editor/Data/PlaybackEngines/WindowsStandaloneSupport/UnityEditor.WindowsStandalone.Extensions.dll
Registered in 0.004430 seconds.
Native extension for WindowsStandalone target not found
Refreshing native plugins compatible for Editor in 109.84 ms, found 3 plugins.
Preloading 0 native plugins for Editor in 0.00 ms.
Mono: successfully reloaded assembly
- Completed reload, in  0.628 seconds
Domain Reload Profiling:
	ReloadAssembly (628ms)
		BeginReloadAssembly (63ms)
			ExecutionOrderSort (0ms)
			DisableScriptedObjects (0ms)
			BackupInstance (0ms)
			ReleaseScriptingObjects (0ms)
			CreateAndSetChildDomain (1ms)
		EndReloadAssembly (466ms)
			LoadAssemblies (61ms)
			RebuildTransferFunctionScriptingTraits (0ms)
			SetupTypeCache (104ms)
			ReleaseScriptCaches (0ms)
			RebuildScriptCaches (27ms)
			SetupLoadedEditorAssemblies (286ms)
				LogAssemblyErrors (0ms)
				InitializePlatformSupportModulesInManaged (6ms)
				SetLoadedEditorAssemblies (0ms)
				RefreshPlugins (110ms)
				BeforeProcessingInitializeOnLoad (1ms)
				ProcessInitializeOnLoadAttributes (127ms)
				ProcessInitializeOnLoadMethodAttributes (41ms)
				AfterProcessingInitializeOnLoad (0ms)
				EditorAssembliesLoaded (0ms)
			ExecutionOrderSort2 (0ms)
			AwakeInstancesAfterBackupRestoration (0ms)
Platform modules already initialized, skipping
Registering precompiled user dll's ...
Registered in 0.005550 seconds.
Begin MonoManager ReloadAssembly
Symbol file LoadedFromMemory doesn't match image G:\Uni\The-ol-greybox-Test\Mansion Prototype\Mansion Prototype\Library\PackageCache\com.unity.visualscripting@1.8.0\Editor\VisualScripting.Core\Dependencies\YamlDotNet\Unity.VisualScripting.YamlDotNet.dll
Symbol file LoadedFromMemory doesn't match image G:\Uni\The-ol-greybox-Test\Mansion Prototype\Mansion Prototype\Library\PackageCache\com.unity.visualscripting@1.8.0\Editor\VisualScripting.Core\Dependencies\DotNetZip\Unity.VisualScripting.IonicZip.dll
Native extension for WindowsStandalone target not found
Refreshing native plugins compatible for Editor in 122.59 ms, found 3 plugins.
Preloading 0 native plugins for Editor in 0.00 ms.
Mono: successfully reloaded assembly
- Completed reload, in  1.270 seconds
Domain Reload Profiling:
	ReloadAssembly (1271ms)
		BeginReloadAssembly (97ms)
			ExecutionOrderSort (0ms)
			DisableScriptedObjects (5ms)
			BackupInstance (0ms)
			ReleaseScriptingObjects (0ms)
			CreateAndSetChildDomain (20ms)
		EndReloadAssembly (1068ms)
			LoadAssemblies (74ms)
			RebuildTransferFunctionScriptingTraits (0ms)
			SetupTypeCache (304ms)
			ReleaseScriptCaches (1ms)
			RebuildScriptCaches (60ms)
			SetupLoadedEditorAssemblies (590ms)
				LogAssemblyErrors (0ms)
				InitializePlatformSupportModulesInManaged (4ms)
				SetLoadedEditorAssemblies (0ms)
				RefreshPlugins (123ms)
				BeforeProcessingInitializeOnLoad (115ms)
				ProcessInitializeOnLoadAttributes (277ms)
				ProcessInitializeOnLoadMethodAttributes (67ms)
				AfterProcessingInitializeOnLoad (6ms)
				EditorAssembliesLoaded (0ms)
			ExecutionOrderSort2 (0ms)
			AwakeInstancesAfterBackupRestoration (5ms)
Platform modules already initialized, skipping
========================================================================
Worker process is ready to serve import requests
Shader 'Custom/AdditiveTintable': fallback shader 'Particles/Additive (Soft)' not found
Launched and connected shader compiler UnityShaderCompiler.exe after 0.05 seconds
Refreshing native plugins compatible for Editor in 1.62 ms, found 3 plugins.
Preloading 0 native plugins for Editor in 0.00 ms.
Unloading 5365 Unused Serialized files (Serialized files now loaded: 0)
Unloading 51 unused Assets / (1.5 MB). Loaded Objects now: 5814.
Memory consumption went from 216.8 MB to 215.3 MB.
Total: 5.110600 ms (FindLiveObjects: 0.520100 ms CreateObjectMapping: 0.531400 ms MarkObjects: 3.504100 ms  DeleteObjects: 0.553800 ms)

AssetImportParameters requested are different than current active one (requested -> active):
  custom:video-decoder-ogg-theora: a1e56fd34408186e4bbccfd4996cb3dc -> 
  custom:container-muxer-webm: aa71ff27fc2769a1b78a27578f13a17b -> 
  custom:container-demuxer-webm: 4f35f7cbe854078d1ac9338744f61a02 -> 
  custom:video-encoder-webm-vp8: eb34c28f22e8b96e1ab97ce403110664 -> 
  custom:audio-encoder-webm-vorbis: bf7c407c2cedff20999df2af8eb42d56 -> 
  custom:framework-win-MediaFoundation: 216162199b28c13a410421893ffa2e32 -> 
  custom:container-demuxer-ogg: 62fdf1f143b41e24485cea50d1cbac27 -> 
  custom:video-decoder-webm-vp8: 9c59270c3fd7afecdb556c50c9e8de78 -> 
  custom:audio-decoder-ogg-vorbis: bf7c407c2cedff20999df2af8eb42d56 -> 
========================================================================
Received Import Request.
  Time since last request: 930941.230776 seconds.
  path: Assets/PyroParticles/Prefab/Materials
  artifactKey: Guid(a1ea584efde8a2b459b000a1d3f8a668) Importer(815301076,1909f56bfc062723c751e8b465ee728b)
Start importing Assets/PyroParticles/Prefab/Materials using Guid(a1ea584efde8a2b459b000a1d3f8a668) Importer(815301076,1909f56bfc062723c751e8b465ee728b)  -> (artifact id: '2efe39c3152a22f49e9e8d322770e9ae') in 0.023318 seconds 
========================================================================
Received Import Request.
  Time since last request: 0.078856 seconds.
  path: Assets/PyroParticles/Prefab/Materials/FireParticalSmokeMaterial.mat
  artifactKey: Guid(686b6124da653dd46bbb7825a4d55a46) Importer(815301076,1909f56bfc062723c751e8b465ee728b)
Start importing Assets/PyroParticles/Prefab/Materials/FireParticalSmokeMaterial.mat using Guid(686b6124da653dd46bbb7825a4d55a46) Importer(815301076,1909f56bfc062723c751e8b465ee728b)  -> (artifact id: '86583a5eeeef61b4cfe0985492112f66') in 0.239290 seconds 
========================================================================
Received Import Request.
  Time since last request: 1.508507 seconds.
  path: Assets/PyroParticles/Prefab/Textures/FireParticleFireballSheetTexture.png
  artifactKey: Guid(87be4190eae46cf459ae6177b8698f03) Importer(815301076,1909f56bfc062723c751e8b465ee728b)
Start importing Assets/PyroParticles/Prefab/Textures/FireParticleFireballSheetTexture.png using Guid(87be4190eae46cf459ae6177b8698f03) Importer(815301076,1909f56bfc062723c751e8b465ee728b)  -> (artifact id: 'ce274f0a147b3c503d2884ce4f066045') in 0.036437 seconds 
========================================================================
Received Import Request.
  Time since last request: 0.944865 seconds.
  path: Assets/PyroParticles/Prefab/Textures/FireParticleTorchSheetTexture.png
  artifactKey: Guid(b8806de4c8fb70c448a30fe7b61175b3) Importer(815301076,1909f56bfc062723c751e8b465ee728b)
Start importing Assets/PyroParticles/Prefab/Textures/FireParticleTorchSheetTexture.png using Guid(b8806de4c8fb70c448a30fe7b61175b3) Importer(815301076,1909f56bfc062723c751e8b465ee728b)  -> (artifact id: 'dac728b4c083ef2c6d94fadb3c6b8031') in 0.013728 seconds 
========================================================================
Received Import Request.
  Time since last request: 1.509130 seconds.
  path: Assets/PyroParticles/Prefab/Textures/FireParticleCloudBlack.png
  artifactKey: Guid(830884c18cf5e7a4895ee02c2dcd8e12) Importer(815301076,1909f56bfc062723c751e8b465ee728b)
Start importing Assets/PyroParticles/Prefab/Textures/FireParticleCloudBlack.png using Guid(830884c18cf5e7a4895ee02c2dcd8e12) Importer(815301076,1909f56bfc062723c751e8b465ee728b)  -> (artifact id: 'ce0b2ad73ee0856dcc04d1e74f5e3999') in 0.013712 seconds 
========================================================================
Received Import Request.
  Time since last request: 17.630025 seconds.
  path: Assets/PyroParticles/Prefab/Textures/FireParticleFlameLickSheetTexture.png
  artifactKey: Guid(3587b30505d00a44c87d9c3b9d8bc35c) Importer(815301076,1909f56bfc062723c751e8b465ee728b)
Start importing Assets/PyroParticles/Prefab/Textures/FireParticleFlameLickSheetTexture.png using Guid(3587b30505d00a44c87d9c3b9d8bc35c) Importer(815301076,1909f56bfc062723c751e8b465ee728b)  -> (artifact id: 'f7b7a1ffb3aa741b67a4a3260878acce') in 0.011527 seconds 
========================================================================
Received Import Request.
  Time since last request: 6.504732 seconds.
  path: Assets/PyroParticles/Prefab/Models
  artifactKey: Guid(abb91c7d714733d4080a50f11d58caa0) Importer(815301076,1909f56bfc062723c751e8b465ee728b)
Start importing Assets/PyroParticles/Prefab/Models using Guid(abb91c7d714733d4080a50f11d58caa0) Importer(815301076,1909f56bfc062723c751e8b465ee728b)  -> (artifact id: '14a948f1cbcce4a55b34071eb2db3b1c') in 0.020043 seconds 
========================================================================
Received Import Request.
  Time since last request: 0.057922 seconds.
  path: Assets/PyroParticles/Prefab/Models/FireModelRocks_LowPoly.fbx
  artifactKey: Guid(371ed6c0dd75f6a4ebd1dfcb0b578b46) Importer(815301076,1909f56bfc062723c751e8b465ee728b)
Start importing Assets/PyroParticles/Prefab/Models/FireModelRocks_LowPoly.fbx using Guid(371ed6c0dd75f6a4ebd1dfcb0b578b46) Importer(815301076,1909f56bfc062723c751e8b465ee728b)  -> (artifact id: 'c0c4e1f287f143fc67c45ccb557dc402') in 0.078768 seconds 
========================================================================
Received Import Request.
  Time since last request: 3.653334 seconds.
  path: Assets/PyroParticles/Prefab/Models/Materials
  artifactKey: Guid(4cf80f6bb8fb4c741b0fc182b35c069f) Importer(815301076,1909f56bfc062723c751e8b465ee728b)
Start importing Assets/PyroParticles/Prefab/Models/Materials using Guid(4cf80f6bb8fb4c741b0fc182b35c069f) Importer(815301076,1909f56bfc062723c751e8b465ee728b)  -> (artifact id: 'c0c57e7e1216c3ac044f222c777c5f0a') in 0.002360 seconds 
========================================================================
Received Import Request.
  Time since last request: 52.493309 seconds.
  path: Assets/PyroParticles/Prefab/Textures
  artifactKey: Guid(74bfc1b441b22ee4b8b0ab8803b6216e) Importer(815301076,1909f56bfc062723c751e8b465ee728b)
Start importing Assets/PyroParticles/Prefab/Textures using Guid(74bfc1b441b22ee4b8b0ab8803b6216e) Importer(815301076,1909f56bfc062723c751e8b465ee728b)  -> (artifact id: 'fe3abbc2cae549eb753420ff4bdc40cd') in 0.018017 seconds 
========================================================================
Received Import Request.
  Time since last request: 0.068948 seconds.
  path: Assets/PyroParticles/Prefab/Textures/FireParticleCloudWhite.png
  artifactKey: Guid(5b303ff28ad9368468a2edd759cf458d) Importer(815301076,1909f56bfc062723c751e8b465ee728b)
Start importing Assets/PyroParticles/Prefab/Textures/FireParticleCloudWhite.png using Guid(5b303ff28ad9368468a2edd759cf458d) Importer(815301076,1909f56bfc062723c751e8b465ee728b)  -> (artifact id: '46ef42f796d40ec66a1eb49148f567e5') in 0.011617 seconds 
========================================================================
Received Import Request.
  Time since last request: 0.000027 seconds.
  path: Assets/PyroParticles/Prefab/Textures/FireParticleFlareTexture.png
  artifactKey: Guid(76b24fa8a46a2c14f9a7df1e975dc4b9) Importer(815301076,1909f56bfc062723c751e8b465ee728b)
Start importing Assets/PyroParticles/Prefab/Textures/FireParticleFlareTexture.png using Guid(76b24fa8a46a2c14f9a7df1e975dc4b9) Importer(815301076,1909f56bfc062723c751e8b465ee728b)  -> (artifact id: '36299a322cd86f63eaf3242e7d907192') in 0.012287 seconds 
========================================================================
Received Import Request.
  Time since last request: 0.000023 seconds.
  path: Assets/PyroParticles/Prefab/Textures/FireParticleSparksSheetTexture.png
  artifactKey: Guid(4eac9de9dc646674fa401db81b60e492) Importer(815301076,1909f56bfc062723c751e8b465ee728b)
Start importing Assets/PyroParticles/Prefab/Textures/FireParticleSparksSheetTexture.png using Guid(4eac9de9dc646674fa401db81b60e492) Importer(815301076,1909f56bfc062723c751e8b465ee728b)  -> (artifact id: '228c099c73720d9cf4a26a45ee6099e6') in 0.013824 seconds 
========================================================================
Received Import Request.
  Time since last request: 0.000024 seconds.
  path: Assets/PyroParticles/Prefab/Textures/FireParticleSparkTexture.png
  artifactKey: Guid(269490de66e33a34dad45a50e3d4c168) Importer(815301076,1909f56bfc062723c751e8b465ee728b)
Start importing Assets/PyroParticles/Prefab/Textures/FireParticleSparkTexture.png using Guid(269490de66e33a34dad45a50e3d4c168) Importer(815301076,1909f56bfc062723c751e8b465ee728b)  -> (artifact id: '9832f4113736d077a810bca61e57331c') in 0.010608 seconds 
========================================================================
Received Import Request.
  Time since last request: 0.000019 seconds.
  path: Assets/PyroParticles/Prefab/Textures/FireParticleMeteorSquareTexture.jpg
  artifactKey: Guid(3c4560eb7f31ec9449fbf5d54ec5d700) Importer(815301076,1909f56bfc062723c751e8b465ee728b)
Start importing Assets/PyroParticles/Prefab/Textures/FireParticleMeteorSquareTexture.jpg using Guid(3c4560eb7f31ec9449fbf5d54ec5d700) Importer(815301076,1909f56bfc062723c751e8b465ee728b)  -> (artifact id: 'bf60c817076d9b65457b3e7dc0d3364f') in 0.015544 seconds 
========================================================================
Received Import Request.
  Time since last request: 0.000028 seconds.
  path: Assets/PyroParticles/Prefab/Textures/FireParticleMeteorSheetTexture.png
  artifactKey: Guid(86eb9764898eef94faa2ee8e4ca0d7b0) Importer(815301076,1909f56bfc062723c751e8b465ee728b)
Start importing Assets/PyroParticles/Prefab/Textures/FireParticleMeteorSheetTexture.png using Guid(86eb9764898eef94faa2ee8e4ca0d7b0) Importer(815301076,1909f56bfc062723c751e8b465ee728b)  -> (artifact id: '0a4d8291005f84996ecccab0863d5284') in 0.012830 seconds 
========================================================================
Received Import Request.
  Time since last request: 0.000025 seconds.
  path: Assets/PyroParticles/Prefab/Textures/FireParticleMeteorSquare3TextureMap.jpg
  artifactKey: Guid(af783ca33be7c4b41a28d909b798cfe4) Importer(815301076,1909f56bfc062723c751e8b465ee728b)
Start importing Assets/PyroParticles/Prefab/Textures/FireParticleMeteorSquare3TextureMap.jpg using Guid(af783ca33be7c4b41a28d909b798cfe4) Importer(815301076,1909f56bfc062723c751e8b465ee728b)  -> (artifact id: '2c14737af0623ba540bd1ce96ef52cc3') in 0.016744 seconds 
========================================================================
Received Import Request.
  Time since last request: 0.000037 seconds.
  path: Assets/PyroParticles/Prefab/Textures/FireParticleMeteor2Texture.png
  artifactKey: Guid(5d48ba782166f6a4591cc04a497c92a5) Importer(815301076,1909f56bfc062723c751e8b465ee728b)
Start importing Assets/PyroParticles/Prefab/Textures/FireParticleMeteor2Texture.png using Guid(5d48ba782166f6a4591cc04a497c92a5) Importer(815301076,1909f56bfc062723c751e8b465ee728b)  -> (artifact id: '1469c91b77e5317d0067b062d1de704a') in 0.013575 seconds 
========================================================================
Received Import Request.
  Time since last request: 0.000031 seconds.
  path: Assets/PyroParticles/Prefab/Textures/FireParticleMeteor3Texture.png
  artifactKey: Guid(7da0e8e6b90449b4f934a3ec6e0609c0) Importer(815301076,1909f56bfc062723c751e8b465ee728b)
Start importing Assets/PyroParticles/Prefab/Textures/FireParticleMeteor3Texture.png using Guid(7da0e8e6b90449b4f934a3ec6e0609c0) Importer(815301076,1909f56bfc062723c751e8b465ee728b)  -> (artifact id: '8f2835631e3008d294929d099765747b') in 0.012576 seconds 
========================================================================
Received Import Request.
  Time since last request: 0.000024 seconds.
  path: Assets/PyroParticles/Prefab/Textures/FireParticleMeteorSquareTextureMap.jpg
  artifactKey: Guid(4be36169ba67970429f3b124b8bb047d) Importer(815301076,1909f56bfc062723c751e8b465ee728b)
Start importing Assets/PyroParticles/Prefab/Textures/FireParticleMeteorSquareTextureMap.jpg using Guid(4be36169ba67970429f3b124b8bb047d) Importer(815301076,1909f56bfc062723c751e8b465ee728b)  -> (artifact id: 'a7e8b32255df244bdcb373ca93896305') in 0.013840 seconds 
========================================================================
Received Import Request.
  Time since last request: 4.332323 seconds.
  path: Assets/PyroParticles/Readme.txt
  artifactKey: Guid(19d985791f809cd4cb7d99e9e7f62f16) Importer(815301076,1909f56bfc062723c751e8b465ee728b)
Start importing Assets/PyroParticles/Readme.txt using Guid(19d985791f809cd4cb7d99e9e7f62f16) Importer(815301076,1909f56bfc062723c751e8b465ee728b)  -> (artifact id: '85d8451322eafe63db793b96366344f9') in 0.018010 seconds 
========================================================================
Received Import Request.
  Time since last request: 30.096195 seconds.
  path: Assets/PyroParticles/Demo
  artifactKey: Guid(eb7216d604c894143a86709d6c29edda) Importer(815301076,1909f56bfc062723c751e8b465ee728b)
Start importing Assets/PyroParticles/Demo using Guid(eb7216d604c894143a86709d6c29edda) Importer(815301076,1909f56bfc062723c751e8b465ee728b)  -> (artifact id: '8a09af430b788101725782a3ed15c4ed') in 0.019015 seconds 
========================================================================
Received Import Request.
  Time since last request: 0.063332 seconds.
  path: Assets/PyroParticles/Demo/CrateMaterial.mat
  artifactKey: Guid(524b19cf72af34a4d910db01feceaa68) Importer(815301076,1909f56bfc062723c751e8b465ee728b)
Start importing Assets/PyroParticles/Demo/CrateMaterial.mat using Guid(524b19cf72af34a4d910db01feceaa68) Importer(815301076,1909f56bfc062723c751e8b465ee728b)  -> (artifact id: 'fc296cf16c05dbb0f586cc0a7f82fa81') in 0.016949 seconds 
========================================================================
Received Import Request.
  Time since last request: 0.000024 seconds.
  path: Assets/PyroParticles/Demo/GroundPlane.prefab
  artifactKey: Guid(f45d0aac4a59fb64ab8f6b07579e6b81) Importer(815301076,1909f56bfc062723c751e8b465ee728b)
Start importing Assets/PyroParticles/Demo/GroundPlane.prefab using Guid(f45d0aac4a59fb64ab8f6b07579e6b81) Importer(815301076,1909f56bfc062723c751e8b465ee728b)  -> (artifact id: '8f10b4381980eabae5b1a524bbf6e53d') in 0.026645 seconds 
========================================================================
Received Import Request.
  Time since last request: 0.000024 seconds.
  path: Assets/PyroParticles/Demo/GroundPlanePhysicsMaterial.physicMaterial
  artifactKey: Guid(ed39ec1489b586d4bbadd0831bc1d129) Importer(815301076,1909f56bfc062723c751e8b465ee728b)
Start importing Assets/PyroParticles/Demo/GroundPlanePhysicsMaterial.physicMaterial using Guid(ed39ec1489b586d4bbadd0831bc1d129) Importer(815301076,1909f56bfc062723c751e8b465ee728b)  -> (artifact id: '9a9c4de56d1db7c24f9ce81464289183') in 0.008791 seconds 
Editor requested this worker to shutdown with reason: Scaling down because of idle timeout
AssetImportWorker is now disconnected from the server
Process exiting
Exiting without the bug reporter. Application will terminate with return code 0