Using pre-set license
Built from '2021.3/staging' branch; Version is '2021.3.19f1 (c9714fde33b6) revision 13201743'; Using compiler version '192829333'; Build Type 'Release'
OS: 'Windows 10  (10.0.19044) 64bit Core' Language: 'en' Physical Memory: 16256 MB
BatchMode: 1, IsHumanControllingUs: 0, StartBugReporterOnCrash: 0, Is64bit: 1, IsPro: 1

COMMAND LINE ARGUMENTS:
Z:\Unity\2021.3.19f1\Editor\Unity.exe
-adb2
-batchMode
-noUpm
-name
AssetImportWorker0
-projectPath
Z:/Unity/Unity Projects/Prototype 1 - Fantasy
-logFile
Logs/AssetImportWorker0.log
-srvPort
53769
Successfully changed project path to: Z:/Unity/Unity Projects/Prototype 1 - Fantasy
Z:/Unity/Unity Projects/Prototype 1 - Fantasy
[UnityMemory] Configuration Parameters - Can be set up in boot.config
    "memorysetup-bucket-allocator-granularity=16"
    "memorysetup-bucket-allocator-bucket-count=8"
    "memorysetup-bucket-allocator-block-size=33554432"
    "memorysetup-bucket-allocator-block-count=8"
    "memorysetup-main-allocator-block-size=16777216"
    "memorysetup-thread-allocator-block-size=16777216"
    "memorysetup-gfx-main-allocator-block-size=16777216"
    "memorysetup-gfx-thread-allocator-block-size=16777216"
    "memorysetup-cache-allocator-block-size=4194304"
    "memorysetup-typetree-allocator-block-size=2097152"
    "memorysetup-profiler-bucket-allocator-granularity=16"
    "memorysetup-profiler-bucket-allocator-bucket-count=8"
    "memorysetup-profiler-bucket-allocator-block-size=33554432"
    "memorysetup-profiler-bucket-allocator-block-count=8"
    "memorysetup-profiler-allocator-block-size=16777216"
    "memorysetup-profiler-editor-allocator-block-size=1048576"
    "memorysetup-temp-allocator-size-main=16777216"
    "memorysetup-job-temp-allocator-block-size=2097152"
    "memorysetup-job-temp-allocator-block-size-background=1048576"
    "memorysetup-job-temp-allocator-reduction-small-platforms=262144"
    "memorysetup-temp-allocator-size-background-worker=32768"
    "memorysetup-temp-allocator-size-job-worker=262144"
    "memorysetup-temp-allocator-size-preload-manager=33554432"
    "memorysetup-temp-allocator-size-nav-mesh-worker=65536"
    "memorysetup-temp-allocator-size-audio-worker=65536"
    "memorysetup-temp-allocator-size-cloud-worker=32768"
    "memorysetup-temp-allocator-size-gi-baking-worker=262144"
    "memorysetup-temp-allocator-size-gfx=262144"
Player connection [18372] Host "[IP] 192.168.0.156 [Port] 0 [Flags] 2 [Guid] 4237034927 [EditorId] 4237034927 [Version] 1048832 [Id] WindowsEditor(7,KompBlazeja) [Debug] 1 [PackageName] WindowsEditor [ProjectName] Editor" joined multi-casting on [225.0.0.222:54997]...

Player connection [18372] Host "[IP] 192.168.0.156 [Port] 0 [Flags] 2 [Guid] 4237034927 [EditorId] 4237034927 [Version] 1048832 [Id] WindowsEditor(7,KompBlazeja) [Debug] 1 [PackageName] WindowsEditor [ProjectName] Editor" joined alternative multi-casting on [225.0.0.222:34997]...

Refreshing native plugins compatible for Editor in 87.73 ms, found 3 plugins.
Preloading 0 native plugins for Editor in 0.00 ms.
Initialize engine version: 2021.3.19f1 (c9714fde33b6)
[Subsystems] Discovering subsystems at path Z:/Unity/2021.3.19f1/Editor/Data/Resources/UnitySubsystems
[Subsystems] Discovering subsystems at path Z:/Unity/Unity Projects/Prototype 1 - Fantasy/Assets
GfxDevice: creating device client; threaded=0; jobified=0
Direct3D:
    Version:  Direct3D 11.0 [level 11.1]
    Renderer: NVIDIA GeForce RTX 2070 SUPER (ID=0x1e84)
    Vendor:   NVIDIA
    VRAM:     8003 MB
    Driver:   31.0.15.2824
Initialize mono
Mono path[0] = 'Z:/Unity/2021.3.19f1/Editor/Data/Managed'
Mono path[1] = 'Z:/Unity/2021.3.19f1/Editor/Data/MonoBleedingEdge/lib/mono/unityjit-win32'
Mono config path = 'Z:/Unity/2021.3.19f1/Editor/Data/MonoBleedingEdge/etc'
Using monoOptions --debugger-agent=transport=dt_socket,embedding=1,server=y,suspend=n,address=127.0.0.1:56004
Begin MonoManager ReloadAssembly
Registering precompiled unity dll's ...
Register platform support module: Z:/Unity/2021.3.19f1/Editor/Data/PlaybackEngines/WindowsStandaloneSupport/UnityEditor.WindowsStandalone.Extensions.dll
Registered in 0.003264 seconds.
Native extension for WindowsStandalone target not found
Refreshing native plugins compatible for Editor in 81.82 ms, found 3 plugins.
Preloading 0 native plugins for Editor in 0.00 ms.
Mono: successfully reloaded assembly
- Completed reload, in  0.668 seconds
Domain Reload Profiling:
	ReloadAssembly (669ms)
		BeginReloadAssembly (93ms)
			ExecutionOrderSort (0ms)
			DisableScriptedObjects (0ms)
			BackupInstance (0ms)
			ReleaseScriptingObjects (0ms)
			CreateAndSetChildDomain (1ms)
		EndReloadAssembly (471ms)
			LoadAssemblies (93ms)
			RebuildTransferFunctionScriptingTraits (0ms)
			SetupTypeCache (109ms)
			ReleaseScriptCaches (0ms)
			RebuildScriptCaches (29ms)
			SetupLoadedEditorAssemblies (285ms)
				LogAssemblyErrors (0ms)
				InitializePlatformSupportModulesInManaged (7ms)
				SetLoadedEditorAssemblies (0ms)
				RefreshPlugins (82ms)
				BeforeProcessingInitializeOnLoad (1ms)
				ProcessInitializeOnLoadAttributes (146ms)
				ProcessInitializeOnLoadMethodAttributes (49ms)
				AfterProcessingInitializeOnLoad (0ms)
				EditorAssembliesLoaded (0ms)
			ExecutionOrderSort2 (0ms)
			AwakeInstancesAfterBackupRestoration (0ms)
Platform modules already initialized, skipping
Registering precompiled user dll's ...
Registered in 0.005261 seconds.
Begin MonoManager ReloadAssembly
Symbol file LoadedFromMemory doesn't match image Z:\Unity\Unity Projects\Prototype 1 - Fantasy\Library\PackageCache\com.unity.visualscripting@1.8.0\Editor\VisualScripting.Core\Dependencies\YamlDotNet\Unity.VisualScripting.YamlDotNet.dll
Symbol file LoadedFromMemory doesn't match image Z:\Unity\Unity Projects\Prototype 1 - Fantasy\Library\PackageCache\com.unity.visualscripting@1.8.0\Editor\VisualScripting.Core\Dependencies\DotNetZip\Unity.VisualScripting.IonicZip.dll
Native extension for WindowsStandalone target not found
Refreshing native plugins compatible for Editor in 0.75 ms, found 3 plugins.
Preloading 0 native plugins for Editor in 0.00 ms.
Mono: successfully reloaded assembly
- Completed reload, in  1.014 seconds
Domain Reload Profiling:
	ReloadAssembly (1015ms)
		BeginReloadAssembly (130ms)
			ExecutionOrderSort (0ms)
			DisableScriptedObjects (6ms)
			BackupInstance (0ms)
			ReleaseScriptingObjects (0ms)
			CreateAndSetChildDomain (21ms)
		EndReloadAssembly (774ms)
			LoadAssemblies (103ms)
			RebuildTransferFunctionScriptingTraits (0ms)
			SetupTypeCache (266ms)
			ReleaseScriptCaches (1ms)
			RebuildScriptCaches (50ms)
			SetupLoadedEditorAssemblies (340ms)
				LogAssemblyErrors (0ms)
				InitializePlatformSupportModulesInManaged (4ms)
				SetLoadedEditorAssemblies (0ms)
				RefreshPlugins (1ms)
				BeforeProcessingInitializeOnLoad (78ms)
				ProcessInitializeOnLoadAttributes (234ms)
				ProcessInitializeOnLoadMethodAttributes (19ms)
				AfterProcessingInitializeOnLoad (3ms)
				EditorAssembliesLoaded (0ms)
			ExecutionOrderSort2 (0ms)
			AwakeInstancesAfterBackupRestoration (9ms)
Platform modules already initialized, skipping
========================================================================
Worker process is ready to serve import requests
Launched and connected shader compiler UnityShaderCompiler.exe after 0.10 seconds
Refreshing native plugins compatible for Editor in 0.53 ms, found 3 plugins.
Preloading 0 native plugins for Editor in 0.00 ms.
Unloading 3047 Unused Serialized files (Serialized files now loaded: 0)
Unloading 24 unused Assets / (113.4 KB). Loaded Objects now: 3509.
Memory consumption went from 108.0 MB to 107.9 MB.
Total: 3.497600 ms (FindLiveObjects: 0.307900 ms CreateObjectMapping: 0.243500 ms MarkObjects: 2.847400 ms  DeleteObjects: 0.098000 ms)

AssetImportParameters requested are different than current active one (requested -> active):
  custom:video-decoder-ogg-theora: a1e56fd34408186e4bbccfd4996cb3dc -> 
  custom:container-muxer-webm: aa71ff27fc2769a1b78a27578f13a17b -> 
  custom:container-demuxer-webm: 4f35f7cbe854078d1ac9338744f61a02 -> 
  custom:video-encoder-webm-vp8: eb34c28f22e8b96e1ab97ce403110664 -> 
  custom:audio-encoder-webm-vorbis: bf7c407c2cedff20999df2af8eb42d56 -> 
  custom:framework-win-MediaFoundation: 216162199b28c13a410421893ffa2e32 -> 
  custom:container-demuxer-ogg: 62fdf1f143b41e24485cea50d1cbac27 -> 
  custom:video-decoder-webm-vp8: 9c59270c3fd7afecdb556c50c9e8de78 -> 
  custom:audio-decoder-ogg-vorbis: bf7c407c2cedff20999df2af8eb42d56 -> 
========================================================================
Received Import Request.
  Time since last request: 182301.635158 seconds.
  path: Assets/Inn.fbx
  artifactKey: Guid(396c6ed5266b89f408d8de6cdfc6dc99) Importer(815301076,1909f56bfc062723c751e8b465ee728b)
Start importing Assets/Inn.fbx using Guid(396c6ed5266b89f408d8de6cdfc6dc99) Importer(815301076,1909f56bfc062723c751e8b465ee728b)  -> (artifact id: '61ff44122cc6a1e10013909f153ba71d') in 2.669465 seconds 
========================================================================
Received Import Request.
  Time since last request: 244.687396 seconds.
  path: Assets/Inn.fbx
  artifactKey: Guid(396c6ed5266b89f408d8de6cdfc6dc99) Importer(815301076,1909f56bfc062723c751e8b465ee728b)
Start importing Assets/Inn.fbx using Guid(396c6ed5266b89f408d8de6cdfc6dc99) Importer(815301076,1909f56bfc062723c751e8b465ee728b)  -> (artifact id: 'a08268b09666edf610417445fe445315') in 0.083039 seconds 
========================================================================
Received Import Request.
  Time since last request: 36.425207 seconds.
  path: Assets/Inn.fbx
  artifactKey: Guid(396c6ed5266b89f408d8de6cdfc6dc99) Importer(815301076,1909f56bfc062723c751e8b465ee728b)
Start importing Assets/Inn.fbx using Guid(396c6ed5266b89f408d8de6cdfc6dc99) Importer(815301076,1909f56bfc062723c751e8b465ee728b)  -> (artifact id: '135c6ff81ca7178500425030c5195e1b') in 1.457084 seconds 
========================================================================
Received Import Request.
  Time since last request: 134.267241 seconds.
  path: Assets/Inn.fbx
  artifactKey: Guid(396c6ed5266b89f408d8de6cdfc6dc99) Importer(815301076,1909f56bfc062723c751e8b465ee728b)
Start importing Assets/Inn.fbx using Guid(396c6ed5266b89f408d8de6cdfc6dc99) Importer(815301076,1909f56bfc062723c751e8b465ee728b)  -> (artifact id: '750b6d61351a0351c44b389698cd1ad8') in 1.653253 seconds 
========================================================================
Received Import Request.
  Time since last request: 49.813061 seconds.
  path: Assets/Textures
  artifactKey: Guid(fda957d6326374f4e91a83c9d73cf4ef) Importer(815301076,1909f56bfc062723c751e8b465ee728b)
Start importing Assets/Textures using Guid(fda957d6326374f4e91a83c9d73cf4ef) Importer(815301076,1909f56bfc062723c751e8b465ee728b)  -> (artifact id: '9b04f8608fba96dc1681bc30f7f08642') in 0.006787 seconds 
========================================================================
Received Import Request.
  Time since last request: 16.381150 seconds.
  path: Assets/Inn.fbx
  artifactKey: Guid(396c6ed5266b89f408d8de6cdfc6dc99) Importer(815301076,1909f56bfc062723c751e8b465ee728b)
Start importing Assets/Inn.fbx using Guid(396c6ed5266b89f408d8de6cdfc6dc99) Importer(815301076,1909f56bfc062723c751e8b465ee728b)  -> (artifact id: 'da2db9ca58910ac7c2557211075a4126') in 1.449570 seconds 
========================================================================
Received Import Request.
  Time since last request: 456.183396 seconds.
  path: Assets/3DForge/FantasyExteriors/Village & Towns/Materials/fe_village_colider.mat
  artifactKey: Guid(8dc24a3a7e4f7ab4db09042993840730) Importer(815301076,1909f56bfc062723c751e8b465ee728b)
Start importing Assets/3DForge/FantasyExteriors/Village & Towns/Materials/fe_village_colider.mat using Guid(8dc24a3a7e4f7ab4db09042993840730) Importer(815301076,1909f56bfc062723c751e8b465ee728b)  -> (artifact id: '0edbaa605453d383c3493a1180098bce') in 0.032865 seconds 
========================================================================
Received Import Request.
  Time since last request: 153.298254 seconds.
  path: Assets
  artifactKey: Guid(00000000000000001000000000000000) Importer(815301076,1909f56bfc062723c751e8b465ee728b)
Start importing Assets using Guid(00000000000000001000000000000000) Importer(815301076,1909f56bfc062723c751e8b465ee728b)  -> (artifact id: '79842766b460edbeab6a34051e857a80') in 0.010013 seconds 
========================================================================
Received Import Request.
  Time since last request: 7.869192 seconds.
  path: Assets/GoldMat.mat
  artifactKey: Guid(4ee1822add6d72f41a6853161f8109a6) Importer(815301076,1909f56bfc062723c751e8b465ee728b)
Start importing Assets/GoldMat.mat using Guid(4ee1822add6d72f41a6853161f8109a6) Importer(815301076,1909f56bfc062723c751e8b465ee728b)  -> (artifact id: '5d4e23022864af7bc239ebf661a4ab29') in 0.019208 seconds 
========================================================================
Received Prepare
Registering precompiled user dll's ...
Registered in 0.005380 seconds.
Begin MonoManager ReloadAssembly
Symbol file LoadedFromMemory doesn't match image Z:\Unity\Unity Projects\Prototype 1 - Fantasy\Library\PackageCache\com.unity.visualscripting@1.8.0\Editor\VisualScripting.Core\Dependencies\YamlDotNet\Unity.VisualScripting.YamlDotNet.dll
Symbol file LoadedFromMemory doesn't match image Z:\Unity\Unity Projects\Prototype 1 - Fantasy\Library\PackageCache\com.unity.visualscripting@1.8.0\Editor\VisualScripting.Core\Dependencies\DotNetZip\Unity.VisualScripting.IonicZip.dll
Native extension for WindowsStandalone target not found
Refreshing native plugins compatible for Editor in 0.64 ms, found 3 plugins.
Preloading 0 native plugins for Editor in 0.00 ms.
Mono: successfully reloaded assembly
- Completed reload, in  0.978 seconds
Domain Reload Profiling:
	ReloadAssembly (978ms)
		BeginReloadAssembly (150ms)
			ExecutionOrderSort (0ms)
			DisableScriptedObjects (4ms)
			BackupInstance (0ms)
			ReleaseScriptingObjects (0ms)
			CreateAndSetChildDomain (36ms)
		EndReloadAssembly (741ms)
			LoadAssemblies (102ms)
			RebuildTransferFunctionScriptingTraits (0ms)
			SetupTypeCache (256ms)
			ReleaseScriptCaches (1ms)
			RebuildScriptCaches (39ms)
			SetupLoadedEditorAssemblies (325ms)
				LogAssemblyErrors (0ms)
				InitializePlatformSupportModulesInManaged (12ms)
				SetLoadedEditorAssemblies (1ms)
				RefreshPlugins (1ms)
				BeforeProcessingInitializeOnLoad (62ms)
				ProcessInitializeOnLoadAttributes (223ms)
				ProcessInitializeOnLoadMethodAttributes (22ms)
				AfterProcessingInitializeOnLoad (4ms)
				EditorAssembliesLoaded (0ms)
			ExecutionOrderSort2 (0ms)
			AwakeInstancesAfterBackupRestoration (9ms)
Platform modules already initialized, skipping
Refreshing native plugins compatible for Editor in 1.72 ms, found 3 plugins.
Preloading 0 native plugins for Editor in 0.00 ms.
Unloading 3042 Unused Serialized files (Serialized files now loaded: 0)
Unloading 17 unused Assets / (79.8 KB). Loaded Objects now: 3556.
Memory consumption went from 114.8 MB to 114.8 MB.
Total: 3.253900 ms (FindLiveObjects: 0.653500 ms CreateObjectMapping: 0.233200 ms MarkObjects: 2.290700 ms  DeleteObjects: 0.075400 ms)

AssetImportParameters requested are different than current active one (requested -> active):
  custom:video-decoder-ogg-theora: a1e56fd34408186e4bbccfd4996cb3dc -> 
  custom:container-muxer-webm: aa71ff27fc2769a1b78a27578f13a17b -> 
  custom:container-demuxer-webm: 4f35f7cbe854078d1ac9338744f61a02 -> 
  custom:video-encoder-webm-vp8: eb34c28f22e8b96e1ab97ce403110664 -> 
  custom:audio-encoder-webm-vorbis: bf7c407c2cedff20999df2af8eb42d56 -> 
  custom:framework-win-MediaFoundation: 216162199b28c13a410421893ffa2e32 -> 
  custom:container-demuxer-ogg: 62fdf1f143b41e24485cea50d1cbac27 -> 
  custom:video-decoder-webm-vp8: 9c59270c3fd7afecdb556c50c9e8de78 -> 
  custom:audio-decoder-ogg-vorbis: bf7c407c2cedff20999df2af8eb42d56 -> 
========================================================================
Received Import Request.
  Time since last request: 276.639399 seconds.
  path: Assets/GlassMat.mat
  artifactKey: Guid(3594332b7dfeaab47b0f18bf722121a3) Importer(815301076,1909f56bfc062723c751e8b465ee728b)
Start importing Assets/GlassMat.mat using Guid(3594332b7dfeaab47b0f18bf722121a3) Importer(815301076,1909f56bfc062723c751e8b465ee728b)  -> (artifact id: 'a54978ea81fb673f717716df3cc8389a') in 0.080472 seconds 
========================================================================
Received Import Request.
  Time since last request: 848.035807 seconds.
  path: Assets/CullOff.shader
  artifactKey: Guid(d2c165c5d315ef644861d1e303633ba1) Importer(815301076,1909f56bfc062723c751e8b465ee728b)
Start importing Assets/CullOff.shader using Guid(d2c165c5d315ef644861d1e303633ba1) Importer(815301076,1909f56bfc062723c751e8b465ee728b)  -> (artifact id: '9dade6401b7dc230bffc67c97f6396e3') in 0.014473 seconds 
========================================================================
Received Prepare
Registering precompiled user dll's ...
Registered in 0.005116 seconds.
Begin MonoManager ReloadAssembly
Symbol file LoadedFromMemory doesn't match image Z:\Unity\Unity Projects\Prototype 1 - Fantasy\Library\PackageCache\com.unity.visualscripting@1.8.0\Editor\VisualScripting.Core\Dependencies\YamlDotNet\Unity.VisualScripting.YamlDotNet.dll
Symbol file LoadedFromMemory doesn't match image Z:\Unity\Unity Projects\Prototype 1 - Fantasy\Library\PackageCache\com.unity.visualscripting@1.8.0\Editor\VisualScripting.Core\Dependencies\DotNetZip\Unity.VisualScripting.IonicZip.dll
Native extension for WindowsStandalone target not found
Refreshing native plugins compatible for Editor in 0.54 ms, found 3 plugins.
Preloading 0 native plugins for Editor in 0.00 ms.
Mono: successfully reloaded assembly
- Completed reload, in  1.082 seconds
Domain Reload Profiling:
	ReloadAssembly (1082ms)
		BeginReloadAssembly (145ms)
			ExecutionOrderSort (0ms)
			DisableScriptedObjects (4ms)
			BackupInstance (0ms)
			ReleaseScriptingObjects (0ms)
			CreateAndSetChildDomain (38ms)
		EndReloadAssembly (837ms)
			LoadAssemblies (103ms)
			RebuildTransferFunctionScriptingTraits (0ms)
			SetupTypeCache (298ms)
			ReleaseScriptCaches (3ms)
			RebuildScriptCaches (50ms)
			SetupLoadedEditorAssemblies (345ms)
				LogAssemblyErrors (0ms)
				InitializePlatformSupportModulesInManaged (15ms)
				SetLoadedEditorAssemblies (1ms)
				RefreshPlugins (1ms)
				BeforeProcessingInitializeOnLoad (66ms)
				ProcessInitializeOnLoadAttributes (236ms)
				ProcessInitializeOnLoadMethodAttributes (22ms)
				AfterProcessingInitializeOnLoad (3ms)
				EditorAssembliesLoaded (0ms)
			ExecutionOrderSort2 (0ms)
			AwakeInstancesAfterBackupRestoration (11ms)
Platform modules already initialized, skipping
Refreshing native plugins compatible for Editor in 1.63 ms, found 3 plugins.
Preloading 0 native plugins for Editor in 0.00 ms.
Unloading 3042 Unused Serialized files (Serialized files now loaded: 0)
Unloading 17 unused Assets / (79.8 KB). Loaded Objects now: 3560.
Memory consumption went from 115.1 MB to 115.0 MB.
Total: 2.903100 ms (FindLiveObjects: 0.238000 ms CreateObjectMapping: 0.273500 ms MarkObjects: 2.305500 ms  DeleteObjects: 0.084900 ms)

AssetImportParameters requested are different than current active one (requested -> active):
  custom:video-decoder-ogg-theora: a1e56fd34408186e4bbccfd4996cb3dc -> 
  custom:container-muxer-webm: aa71ff27fc2769a1b78a27578f13a17b -> 
  custom:container-demuxer-webm: 4f35f7cbe854078d1ac9338744f61a02 -> 
  custom:video-encoder-webm-vp8: eb34c28f22e8b96e1ab97ce403110664 -> 
  custom:audio-encoder-webm-vorbis: bf7c407c2cedff20999df2af8eb42d56 -> 
  custom:framework-win-MediaFoundation: 216162199b28c13a410421893ffa2e32 -> 
  custom:container-demuxer-ogg: 62fdf1f143b41e24485cea50d1cbac27 -> 
  custom:video-decoder-webm-vp8: 9c59270c3fd7afecdb556c50c9e8de78 -> 
  custom:audio-decoder-ogg-vorbis: bf7c407c2cedff20999df2af8eb42d56 -> 
========================================================================
Received Import Request.
  Time since last request: 966.961514 seconds.
  path: Assets/GlassMat.mat
  artifactKey: Guid(3594332b7dfeaab47b0f18bf722121a3) Importer(815301076,1909f56bfc062723c751e8b465ee728b)
Start importing Assets/GlassMat.mat using Guid(3594332b7dfeaab47b0f18bf722121a3) Importer(815301076,1909f56bfc062723c751e8b465ee728b)  -> (artifact id: '2a37fbbcf67e77d8866cc89f651fa3fa') in 0.313023 seconds 
========================================================================
Received Import Request.
  Time since last request: 0.000025 seconds.
  path: Assets/GoldMat.mat
  artifactKey: Guid(4ee1822add6d72f41a6853161f8109a6) Importer(815301076,1909f56bfc062723c751e8b465ee728b)
Start importing Assets/GoldMat.mat using Guid(4ee1822add6d72f41a6853161f8109a6) Importer(815301076,1909f56bfc062723c751e8b465ee728b)  -> (artifact id: '623a86bd358e578c334c6d070f0001f7') in 0.011443 seconds 
========================================================================
Received Import Request.
  Time since last request: 7.552919 seconds.
  path: Assets/Textures/TexturesCom_Fabric_Carpet_1K_albedo.tif
  artifactKey: Guid(3f2234a11706b044abb06f45fbc1c192) Importer(815301076,1909f56bfc062723c751e8b465ee728b)
Start importing Assets/Textures/TexturesCom_Fabric_Carpet_1K_albedo.tif using Guid(3f2234a11706b044abb06f45fbc1c192) Importer(815301076,1909f56bfc062723c751e8b465ee728b)  -> (artifact id: '59a33439b28f48625732024bf525046b') in 0.036863 seconds 
========================================================================
Received Import Request.
  Time since last request: 0.000020 seconds.
  path: Assets/Textures/TexturesCom_QuarterSawnLumber_1K_roughness.tif
  artifactKey: Guid(9f187f1e67e945349a9ff89d24a2bffe) Importer(815301076,1909f56bfc062723c751e8b465ee728b)
Start importing Assets/Textures/TexturesCom_QuarterSawnLumber_1K_roughness.tif using Guid(9f187f1e67e945349a9ff89d24a2bffe) Importer(815301076,1909f56bfc062723c751e8b465ee728b)  -> (artifact id: '3df8196f98830a577810ba8b809a7dde') in 0.019283 seconds 
========================================================================
Received Import Request.
  Time since last request: 0.000017 seconds.
  path: Assets/Textures/TexturesCom_QuarterSawnLumber_1K_normal.tif
  artifactKey: Guid(b868f2223b7765447968cda467963a15) Importer(815301076,1909f56bfc062723c751e8b465ee728b)
Start importing Assets/Textures/TexturesCom_QuarterSawnLumber_1K_normal.tif using Guid(b868f2223b7765447968cda467963a15) Importer(815301076,1909f56bfc062723c751e8b465ee728b)  -> (artifact id: '7ff78ef042fc8a3e86398ef3028c8f58') in 0.026774 seconds 
========================================================================
Received Import Request.
  Time since last request: 0.000014 seconds.
  path: Assets/Textures/TexturesCom_Wood_Worn2_1K_normal (1).tif
  artifactKey: Guid(db075b197e9050f4fbdf1e8bfdb52a70) Importer(815301076,1909f56bfc062723c751e8b465ee728b)
Start importing Assets/Textures/TexturesCom_Wood_Worn2_1K_normal (1).tif using Guid(db075b197e9050f4fbdf1e8bfdb52a70) Importer(815301076,1909f56bfc062723c751e8b465ee728b)  -> (artifact id: '70e88e9cdaefa3e5dedacdcedfddcdf2') in 0.016205 seconds 
========================================================================
Received Import Request.
  Time since last request: 0.000014 seconds.
  path: Assets/Textures/TexturesCom_Wood_TavernDoor_1K_roughness.tif
  artifactKey: Guid(7fd6084a7f7ceff4e88471191d1e6e45) Importer(815301076,1909f56bfc062723c751e8b465ee728b)
Start importing Assets/Textures/TexturesCom_Wood_TavernDoor_1K_roughness.tif using Guid(7fd6084a7f7ceff4e88471191d1e6e45) Importer(815301076,1909f56bfc062723c751e8b465ee728b)  -> (artifact id: '4fae7b950c49f12a541f10d2e438e381') in 0.015369 seconds 
========================================================================
Received Import Request.
  Time since last request: 0.000017 seconds.
  path: Assets/Textures/TexturesCom_Wood_TavernDoor_1K_normal.tif
  artifactKey: Guid(a09abdbc004c90b4ea45b3ae4a1db67f) Importer(815301076,1909f56bfc062723c751e8b465ee728b)
Start importing Assets/Textures/TexturesCom_Wood_TavernDoor_1K_normal.tif using Guid(a09abdbc004c90b4ea45b3ae4a1db67f) Importer(815301076,1909f56bfc062723c751e8b465ee728b)  -> (artifact id: '2d7811200f964d79824b60faef24b085') in 0.017196 seconds 
========================================================================
Received Import Request.
  Time since last request: 0.000016 seconds.
  path: Assets/Textures/TexturesCom_Roofing_WoodPlanks2_1K_roughness.tif
  artifactKey: Guid(6e7933de6101e034c932f00a3780c829) Importer(815301076,1909f56bfc062723c751e8b465ee728b)
Start importing Assets/Textures/TexturesCom_Roofing_WoodPlanks2_1K_roughness.tif using Guid(6e7933de6101e034c932f00a3780c829) Importer(815301076,1909f56bfc062723c751e8b465ee728b)  -> (artifact id: '654f5400fe1812911e7e186b5bfab130') in 0.016594 seconds 
========================================================================
Received Import Request.
  Time since last request: 0.000019 seconds.
  path: Assets/Textures/TexturesCom_Roofing_WoodPlanks2_1K_normal.tif
  artifactKey: Guid(6ccb9123af5401c46a715b05a7197938) Importer(815301076,1909f56bfc062723c751e8b465ee728b)
Start importing Assets/Textures/TexturesCom_Roofing_WoodPlanks2_1K_normal.tif using Guid(6ccb9123af5401c46a715b05a7197938) Importer(815301076,1909f56bfc062723c751e8b465ee728b)  -> (artifact id: 'bdfac0a4cedddfe9cb2b6e68d2f75008') in 0.019064 seconds 
========================================================================
Received Import Request.
  Time since last request: 0.000017 seconds.
  path: Assets/Textures/TexturesCom_OldWood2_512_albedo.tif
  artifactKey: Guid(d3f5ba08d6b05fe46bc1767d334711b0) Importer(815301076,1909f56bfc062723c751e8b465ee728b)
Start importing Assets/Textures/TexturesCom_OldWood2_512_albedo.tif using Guid(d3f5ba08d6b05fe46bc1767d334711b0) Importer(815301076,1909f56bfc062723c751e8b465ee728b)  -> (artifact id: '8fd8a9ef2de0c96c863195def3a9c112') in 0.016959 seconds 
========================================================================
Received Import Request.
  Time since last request: 0.000023 seconds.
  path: Assets/Textures/TexturesCom_Wood_Burnt2_1K_roughness.tif
  artifactKey: Guid(33db0a2e463f67f49ae7c8cb8e536951) Importer(815301076,1909f56bfc062723c751e8b465ee728b)
Start importing Assets/Textures/TexturesCom_Wood_Burnt2_1K_roughness.tif using Guid(33db0a2e463f67f49ae7c8cb8e536951) Importer(815301076,1909f56bfc062723c751e8b465ee728b)  -> (artifact id: '0c4b7a3e5f4722864e362eb9a32af926') in 0.017686 seconds 
========================================================================
Received Import Request.
  Time since last request: 0.000017 seconds.
  path: Assets/Textures/TexturesCom_StoneStripWall_1K_normal.tif
  artifactKey: Guid(fc0318d8f3fc2354f8161a43d23377ee) Importer(815301076,1909f56bfc062723c751e8b465ee728b)
Start importing Assets/Textures/TexturesCom_StoneStripWall_1K_normal.tif using Guid(fc0318d8f3fc2354f8161a43d23377ee) Importer(815301076,1909f56bfc062723c751e8b465ee728b)  -> (artifact id: '2210261abbef341e423c2d645db3bc7e') in 0.019289 seconds 
========================================================================
Received Import Request.
  Time since last request: 0.000015 seconds.
  path: Assets/Textures/TexturesCom_Wood_Laminated_1K_albedo.tif
  artifactKey: Guid(f8d8ba08be91e2e4e8849019d089ebae) Importer(815301076,1909f56bfc062723c751e8b465ee728b)
Start importing Assets/Textures/TexturesCom_Wood_Laminated_1K_albedo.tif using Guid(f8d8ba08be91e2e4e8849019d089ebae) Importer(815301076,1909f56bfc062723c751e8b465ee728b)  -> (artifact id: 'cd3921180494671943dded5dcd65c34b') in 0.018035 seconds 
========================================================================
Received Import Request.
  Time since last request: 0.000015 seconds.
  path: Assets/Textures/TexturesCom_Wood_Aged_1K_roughness (1).tif
  artifactKey: Guid(ff6d271c047fd7546a2b2715d0c57008) Importer(815301076,1909f56bfc062723c751e8b465ee728b)
Start importing Assets/Textures/TexturesCom_Wood_Aged_1K_roughness (1).tif using Guid(ff6d271c047fd7546a2b2715d0c57008) Importer(815301076,1909f56bfc062723c751e8b465ee728b)  -> (artifact id: 'a54688dd2dcef2c3847eb7f3d645bcbd') in 0.024700 seconds 
========================================================================
Received Import Request.
  Time since last request: 0.000014 seconds.
  path: Assets/Textures/TexturesCom_Wood_PlanksOld_512_albedo.tif
  artifactKey: Guid(ce203e1dd2bd5f24c98362b2fa6017d4) Importer(815301076,1909f56bfc062723c751e8b465ee728b)
Start importing Assets/Textures/TexturesCom_Wood_PlanksOld_512_albedo.tif using Guid(ce203e1dd2bd5f24c98362b2fa6017d4) Importer(815301076,1909f56bfc062723c751e8b465ee728b)  -> (artifact id: '1d5823ad2bae840eb53fa667b528725a') in 0.017846 seconds 
========================================================================
Received Import Request.
  Time since last request: 0.000014 seconds.
  path: Assets/Textures/TexturesCom_Wood_Worn2_1K_roughness (1).tif
  artifactKey: Guid(56c51fa36ee525c46b8b4eb262d20a60) Importer(815301076,1909f56bfc062723c751e8b465ee728b)
Start importing Assets/Textures/TexturesCom_Wood_Worn2_1K_roughness (1).tif using Guid(56c51fa36ee525c46b8b4eb262d20a60) Importer(815301076,1909f56bfc062723c751e8b465ee728b)  -> (artifact id: '8796ad63c6bdd744d1ef2f97caab106c') in 0.025605 seconds 
========================================================================
Received Import Request.
  Time since last request: 0.000016 seconds.
  path: Assets/Textures/TexturesCom_Wood_Aged_1K_albedo (1).tif
  artifactKey: Guid(34eb6651fdeace14294d069b3ef4c734) Importer(815301076,1909f56bfc062723c751e8b465ee728b)
Start importing Assets/Textures/TexturesCom_Wood_Aged_1K_albedo (1).tif using Guid(34eb6651fdeace14294d069b3ef4c734) Importer(815301076,1909f56bfc062723c751e8b465ee728b)  -> (artifact id: 'cd898ed24707005b94298cdb2809e595') in 0.018432 seconds 
========================================================================
Received Import Request.
  Time since last request: 0.000019 seconds.
  path: Assets/Textures/TexturesCom_Metal_Medieval_1K_albedo.tif
  artifactKey: Guid(d236b5b8e1026d94d9dd4924eaaf9fb0) Importer(815301076,1909f56bfc062723c751e8b465ee728b)
Start importing Assets/Textures/TexturesCom_Metal_Medieval_1K_albedo.tif using Guid(d236b5b8e1026d94d9dd4924eaaf9fb0) Importer(815301076,1909f56bfc062723c751e8b465ee728b)  -> (artifact id: 'e1ff5f1a36e5f30bf6c9862fbf451571') in 0.015276 seconds 
========================================================================
Received Import Request.
  Time since last request: 0.000017 seconds.
  path: Assets/Textures/TexturesCom_Wood_PlanksOld_512_normal.tif
  artifactKey: Guid(b362cb8df54bed94aa82f81283619f78) Importer(815301076,1909f56bfc062723c751e8b465ee728b)
Start importing Assets/Textures/TexturesCom_Wood_PlanksOld_512_normal.tif using Guid(b362cb8df54bed94aa82f81283619f78) Importer(815301076,1909f56bfc062723c751e8b465ee728b)  -> (artifact id: '286d2c3eed9280dd7bf6a9ec879add19') in 0.017943 seconds 
========================================================================
Received Import Request.
  Time since last request: 0.000018 seconds.
  path: Assets/Textures/TexturesCom_OldWood2_512_roughness.tif
  artifactKey: Guid(cfb148a53979843438924b9db93ae1ce) Importer(815301076,1909f56bfc062723c751e8b465ee728b)
Start importing Assets/Textures/TexturesCom_OldWood2_512_roughness.tif using Guid(cfb148a53979843438924b9db93ae1ce) Importer(815301076,1909f56bfc062723c751e8b465ee728b)  -> (artifact id: '6d76de5ed5decd586894cda7cc4eb6ed') in 0.016493 seconds 
========================================================================
Received Import Request.
  Time since last request: 0.000028 seconds.
  path: Assets/Textures/TexturesCom_Wood_PlanksOld_512_roughness.tif
  artifactKey: Guid(463e1c068bda03a4b8841ab7701cb24e) Importer(815301076,1909f56bfc062723c751e8b465ee728b)
Start importing Assets/Textures/TexturesCom_Wood_PlanksOld_512_roughness.tif using Guid(463e1c068bda03a4b8841ab7701cb24e) Importer(815301076,1909f56bfc062723c751e8b465ee728b)  -> (artifact id: '3b5e2d769baab53191c5f6bfa5ade9e7') in 0.015418 seconds 
========================================================================
Received Import Request.
  Time since last request: 0.000014 seconds.
  path: Assets/Textures/TexturesCom_Roofing_WoodPlanks2_1K_albedo.tif
  artifactKey: Guid(e29dbc2966f727445bc40219cc0fcb63) Importer(815301076,1909f56bfc062723c751e8b465ee728b)
Start importing Assets/Textures/TexturesCom_Roofing_WoodPlanks2_1K_albedo.tif using Guid(e29dbc2966f727445bc40219cc0fcb63) Importer(815301076,1909f56bfc062723c751e8b465ee728b)  -> (artifact id: 'ebb26a32c2d298727b78f19b5160f5eb') in 0.018671 seconds 
========================================================================
Received Import Request.
  Time since last request: 0.000017 seconds.
  path: Assets/Textures/TexturesCom_StoneStripWall_1K_roughness.tif
  artifactKey: Guid(16c8fdb2f8ec9e341a2833bc438e87d9) Importer(815301076,1909f56bfc062723c751e8b465ee728b)
Start importing Assets/Textures/TexturesCom_StoneStripWall_1K_roughness.tif using Guid(16c8fdb2f8ec9e341a2833bc438e87d9) Importer(815301076,1909f56bfc062723c751e8b465ee728b)  -> (artifact id: 'cf2fe90f9a60889cae1aa8f0c7526ac3') in 0.018380 seconds 
========================================================================
Received Import Request.
  Time since last request: 0.000017 seconds.
  path: Assets/Textures/TexturesCom_Plaster_Rough_1K_normal.tif
  artifactKey: Guid(b4711cf2e9d07534189e5f465b39505d) Importer(815301076,1909f56bfc062723c751e8b465ee728b)
Start importing Assets/Textures/TexturesCom_Plaster_Rough_1K_normal.tif using Guid(b4711cf2e9d07534189e5f465b39505d) Importer(815301076,1909f56bfc062723c751e8b465ee728b)  -> (artifact id: 'ea49d6eef8ff1a215356376badff7ab0') in 0.019772 seconds 
========================================================================
Received Import Request.
  Time since last request: 0.000018 seconds.
  path: Assets/Textures/TexturesCom_Wood_TavernDoor_1K_albedo.tif
  artifactKey: Guid(0a49ea62426fc674a986cf296755487c) Importer(815301076,1909f56bfc062723c751e8b465ee728b)
Start importing Assets/Textures/TexturesCom_Wood_TavernDoor_1K_albedo.tif using Guid(0a49ea62426fc674a986cf296755487c) Importer(815301076,1909f56bfc062723c751e8b465ee728b)  -> (artifact id: '7cfdfd8773095073dffb22e1065b96a4') in 0.019839 seconds 
========================================================================
Received Import Request.
  Time since last request: 0.000017 seconds.
  path: Assets/Textures/TexturesCom_StoneStripWall_1K_albedo.tif
  artifactKey: Guid(0228ae5571c9e99408b32aa8ac18a852) Importer(815301076,1909f56bfc062723c751e8b465ee728b)
Start importing Assets/Textures/TexturesCom_StoneStripWall_1K_albedo.tif using Guid(0228ae5571c9e99408b32aa8ac18a852) Importer(815301076,1909f56bfc062723c751e8b465ee728b)  -> (artifact id: '1c9ef1d7ffb1bc2143f6794300cc86be') in 0.019849 seconds 
========================================================================
Received Import Request.
  Time since last request: 0.000137 seconds.
  path: Assets/Textures/TexturesCom_Metal_Medieval_1K_normal.tif
  artifactKey: Guid(9b97701b55035e54da1996c07985afaa) Importer(815301076,1909f56bfc062723c751e8b465ee728b)
Start importing Assets/Textures/TexturesCom_Metal_Medieval_1K_normal.tif using Guid(9b97701b55035e54da1996c07985afaa) Importer(815301076,1909f56bfc062723c751e8b465ee728b)  -> (artifact id: '0921f779479a21cb1c082002e325196b') in 0.015621 seconds 
========================================================================
Received Import Request.
  Time since last request: 0.000017 seconds.
  path: Assets/Textures/TexturesCom_OldWood2_512_normal.tif
  artifactKey: Guid(3bdf6f6012827fc44a54981712770d69) Importer(815301076,1909f56bfc062723c751e8b465ee728b)
Start importing Assets/Textures/TexturesCom_OldWood2_512_normal.tif using Guid(3bdf6f6012827fc44a54981712770d69) Importer(815301076,1909f56bfc062723c751e8b465ee728b)  -> (artifact id: '710689b0095565c1448e36d3f8d1bcf4') in 0.016303 seconds 
========================================================================
Received Import Request.
  Time since last request: 0.000016 seconds.
  path: Assets/Textures/TexturesCom_Wood_Burnt2_1K_albedo.tif
  artifactKey: Guid(1b14a928593188f41a768e17d34ccbf3) Importer(815301076,1909f56bfc062723c751e8b465ee728b)
Start importing Assets/Textures/TexturesCom_Wood_Burnt2_1K_albedo.tif using Guid(1b14a928593188f41a768e17d34ccbf3) Importer(815301076,1909f56bfc062723c751e8b465ee728b)  -> (artifact id: 'f3ec4ae84fed169cc978bc94e254ef28') in 0.016218 seconds 
========================================================================
Received Import Request.
  Time since last request: 0.000020 seconds.
  path: Assets/Textures/TexturesCom_Plaster_Rough_1K_roughness.tif
  artifactKey: Guid(5af7e3f5ed182da42b90415b574af602) Importer(815301076,1909f56bfc062723c751e8b465ee728b)
Start importing Assets/Textures/TexturesCom_Plaster_Rough_1K_roughness.tif using Guid(5af7e3f5ed182da42b90415b574af602) Importer(815301076,1909f56bfc062723c751e8b465ee728b)  -> (artifact id: 'e531050aec6995675f60a4f3892f5607') in 0.018498 seconds 
========================================================================
Received Import Request.
  Time since last request: 0.000023 seconds.
  path: Assets/Textures/TexturesCom_Fabric_Carpet_1K_normal.tif
  artifactKey: Guid(692d60310c6f93141bba2d5f8b4d9fdb) Importer(815301076,1909f56bfc062723c751e8b465ee728b)
Start importing Assets/Textures/TexturesCom_Fabric_Carpet_1K_normal.tif using Guid(692d60310c6f93141bba2d5f8b4d9fdb) Importer(815301076,1909f56bfc062723c751e8b465ee728b)  -> (artifact id: '70140c7b55a8a9c9f70b4e4200090841') in 0.020375 seconds 
========================================================================
Received Import Request.
  Time since last request: 0.000016 seconds.
  path: Assets/Textures/TexturesCom_Metal_Medieval_1K_metallic.tif
  artifactKey: Guid(996afd0231d0ade41958d4345c6c97f7) Importer(815301076,1909f56bfc062723c751e8b465ee728b)
Start importing Assets/Textures/TexturesCom_Metal_Medieval_1K_metallic.tif using Guid(996afd0231d0ade41958d4345c6c97f7) Importer(815301076,1909f56bfc062723c751e8b465ee728b)  -> (artifact id: '63689a985c4c3d174b53108c95211cef') in 0.015617 seconds 
========================================================================
Received Import Request.
  Time since last request: 0.000016 seconds.
  path: Assets/Textures/TexturesCom_Wood_Laminated_1K_normal.tif
  artifactKey: Guid(3cc6811bfd3f70a4193c3a99140c45ee) Importer(815301076,1909f56bfc062723c751e8b465ee728b)
Start importing Assets/Textures/TexturesCom_Wood_Laminated_1K_normal.tif using Guid(3cc6811bfd3f70a4193c3a99140c45ee) Importer(815301076,1909f56bfc062723c751e8b465ee728b)  -> (artifact id: 'c22eeb5e0c63572baf0a2d64957c82cc') in 0.016495 seconds 
========================================================================
Received Import Request.
  Time since last request: 0.000017 seconds.
  path: Assets/Textures/TexturesCom_Wood_Aged_1K_normal (1).tif
  artifactKey: Guid(363afa26b1f5f834b93257bfff0d09a8) Importer(815301076,1909f56bfc062723c751e8b465ee728b)
Start importing Assets/Textures/TexturesCom_Wood_Aged_1K_normal (1).tif using Guid(363afa26b1f5f834b93257bfff0d09a8) Importer(815301076,1909f56bfc062723c751e8b465ee728b)  -> (artifact id: '2c5e6e183622ef01f80a4f2380aefae2') in 0.013614 seconds 
========================================================================
Received Import Request.
  Time since last request: 0.000018 seconds.
  path: Assets/Textures/TexturesCom_Wood_Worn2_1K_albedo (1).tif
  artifactKey: Guid(d79d2660b17dc9f4d9dba6f40ea16fb0) Importer(815301076,1909f56bfc062723c751e8b465ee728b)
Start importing Assets/Textures/TexturesCom_Wood_Worn2_1K_albedo (1).tif using Guid(d79d2660b17dc9f4d9dba6f40ea16fb0) Importer(815301076,1909f56bfc062723c751e8b465ee728b)  -> (artifact id: 'd044e2f49fab6fad04a1c1dc66a256ad') in 0.015478 seconds 
========================================================================
Received Import Request.
  Time since last request: 0.000021 seconds.
  path: Assets/Textures/TexturesCom_Wood_Laminated_1K_roughness.tif
  artifactKey: Guid(0368d0c9e4a7c9947b1198cd865bc0d8) Importer(815301076,1909f56bfc062723c751e8b465ee728b)
Start importing Assets/Textures/TexturesCom_Wood_Laminated_1K_roughness.tif using Guid(0368d0c9e4a7c9947b1198cd865bc0d8) Importer(815301076,1909f56bfc062723c751e8b465ee728b)  -> (artifact id: 'bc7f17d86ac9cb122140accb1af885ad') in 0.018169 seconds 
========================================================================
Received Import Request.
  Time since last request: 0.000018 seconds.
  path: Assets/Textures/TexturesCom_Plaster_Rough_1K_albedo.tif
  artifactKey: Guid(956a46d9e25dfef4f865056095dd9dba) Importer(815301076,1909f56bfc062723c751e8b465ee728b)
Start importing Assets/Textures/TexturesCom_Plaster_Rough_1K_albedo.tif using Guid(956a46d9e25dfef4f865056095dd9dba) Importer(815301076,1909f56bfc062723c751e8b465ee728b)  -> (artifact id: '1188cbc50c0a7e42d02edd628f92a0b8') in 0.017604 seconds 
========================================================================
Received Import Request.
  Time since last request: 0.000017 seconds.
  path: Assets/Textures/TexturesCom_Metal_Medieval_1K_roughness.tif
  artifactKey: Guid(6abb0fd3551da694395918d38680b3d1) Importer(815301076,1909f56bfc062723c751e8b465ee728b)
Start importing Assets/Textures/TexturesCom_Metal_Medieval_1K_roughness.tif using Guid(6abb0fd3551da694395918d38680b3d1) Importer(815301076,1909f56bfc062723c751e8b465ee728b)  -> (artifact id: '4e6d8acb5883bd9905f6fb7f68477eaf') in 0.018775 seconds 
========================================================================
Received Import Request.
  Time since last request: 0.000017 seconds.
  path: Assets/Textures/TexturesCom_QuarterSawnLumber_1K_albedo.tif
  artifactKey: Guid(68f9a3fdd0cb65a44b4d252519abc441) Importer(815301076,1909f56bfc062723c751e8b465ee728b)
Start importing Assets/Textures/TexturesCom_QuarterSawnLumber_1K_albedo.tif using Guid(68f9a3fdd0cb65a44b4d252519abc441) Importer(815301076,1909f56bfc062723c751e8b465ee728b)  -> (artifact id: '4e63dba42c008c57e8f937a162c118d6') in 0.017895 seconds 
========================================================================
Received Import Request.
  Time since last request: 0.000016 seconds.
  path: Assets/Textures/TexturesCom_Wood_Burnt2_1K_normal.tif
  artifactKey: Guid(393c3e38be846aa4197b9777bd71a321) Importer(815301076,1909f56bfc062723c751e8b465ee728b)
Start importing Assets/Textures/TexturesCom_Wood_Burnt2_1K_normal.tif using Guid(393c3e38be846aa4197b9777bd71a321) Importer(815301076,1909f56bfc062723c751e8b465ee728b)  -> (artifact id: '45d615ff1f33cdfb0b25ef0c02b23cbd') in 0.019309 seconds 
========================================================================
Received Import Request.
  Time since last request: 12.257651 seconds.
  path: Assets/InnTextures
  artifactKey: Guid(fda957d6326374f4e91a83c9d73cf4ef) Importer(815301076,1909f56bfc062723c751e8b465ee728b)
Start importing Assets/InnTextures using Guid(fda957d6326374f4e91a83c9d73cf4ef) Importer(815301076,1909f56bfc062723c751e8b465ee728b)  -> (artifact id: '3e1d1c2f46f3f818482704077584a359') in 0.006387 seconds 
========================================================================
Received Import Request.
  Time since last request: 22.970235 seconds.
  path: Assets/GlassMat.mat
  artifactKey: Guid(3594332b7dfeaab47b0f18bf722121a3) Importer(815301076,1909f56bfc062723c751e8b465ee728b)
Start importing Assets/GlassMat.mat using Guid(3594332b7dfeaab47b0f18bf722121a3) Importer(815301076,1909f56bfc062723c751e8b465ee728b)  -> (artifact id: 'a6967fb1c40d315192bef21f68718801') in 0.023562 seconds 
========================================================================
Received Import Request.
  Time since last request: 11.849123 seconds.
  path: Assets/InnTextures
  artifactKey: Guid(102389923bf1ecb4085ef734d2bc999a) Importer(815301076,1909f56bfc062723c751e8b465ee728b)
Start importing Assets/InnTextures using Guid(102389923bf1ecb4085ef734d2bc999a) Importer(815301076,1909f56bfc062723c751e8b465ee728b)  -> (artifact id: '8a7f269392069df5cfcb3242334be863') in 0.002219 seconds 
========================================================================
Received Import Request.
  Time since last request: 9.067000 seconds.
  path: Assets/Inn
  artifactKey: Guid(102389923bf1ecb4085ef734d2bc999a) Importer(815301076,1909f56bfc062723c751e8b465ee728b)
Start importing Assets/Inn using Guid(102389923bf1ecb4085ef734d2bc999a) Importer(815301076,1909f56bfc062723c751e8b465ee728b)  -> (artifact id: 'a93afe4a6f6bf9c5e8ef2ce132fd5786') in 0.005942 seconds 
========================================================================
Received Import Request.
  Time since last request: 101.811131 seconds.
  path: Assets/Models
  artifactKey: Guid(501b07fe0a49f314a9176ef2a6351b2f) Importer(815301076,1909f56bfc062723c751e8b465ee728b)
Start importing Assets/Models using Guid(501b07fe0a49f314a9176ef2a6351b2f) Importer(815301076,1909f56bfc062723c751e8b465ee728b)  -> (artifact id: 'd521769fedb2f684fccf842aeadea481') in 0.010035 seconds 
========================================================================
Received Import Request.
  Time since last request: 0.920766 seconds.
  path: Assets/Models/Materials
  artifactKey: Guid(bfd9867144adae04aad7925681d85a76) Importer(815301076,1909f56bfc062723c751e8b465ee728b)
Start importing Assets/Models/Materials using Guid(bfd9867144adae04aad7925681d85a76) Importer(815301076,1909f56bfc062723c751e8b465ee728b)  -> (artifact id: 'bb8e6abb57e0b7ef121864bde1ce352d') in 0.008737 seconds 
========================================================================
Received Import Request.
  Time since last request: 0.759538 seconds.
  path: Assets/Models/Materials/Velvet
  artifactKey: Guid(0ca372b12c2c2984d8a01392a9149936) Importer(815301076,1909f56bfc062723c751e8b465ee728b)
Start importing Assets/Models/Materials/Velvet using Guid(0ca372b12c2c2984d8a01392a9149936) Importer(815301076,1909f56bfc062723c751e8b465ee728b)  -> (artifact id: 'f8cf0ae58add47a16a5b0abc1321bd7e') in 0.007573 seconds 
========================================================================
Received Import Request.
  Time since last request: 0.106398 seconds.
  path: Assets/Models/Materials/Velvet/Purple.jpg
  artifactKey: Guid(3ed8cadc01f084313b26f681f5932aa3) Importer(815301076,1909f56bfc062723c751e8b465ee728b)
Start importing Assets/Models/Materials/Velvet/Purple.jpg using Guid(3ed8cadc01f084313b26f681f5932aa3) Importer(815301076,1909f56bfc062723c751e8b465ee728b)  -> (artifact id: '8868cdf13a544d16c327e34420b6007b') in 0.037934 seconds 
========================================================================
Received Import Request.
  Time since last request: 0.000015 seconds.
  path: Assets/Models/Materials/Velvet/Wrinkles_NRM.png
  artifactKey: Guid(7c0426e69c1904ead86db9a6f7706f32) Importer(815301076,1909f56bfc062723c751e8b465ee728b)
Start importing Assets/Models/Materials/Velvet/Wrinkles_NRM.png using Guid(7c0426e69c1904ead86db9a6f7706f32) Importer(815301076,1909f56bfc062723c751e8b465ee728b)  -> (artifact id: 'cc9d5c6daa65a19f9b0074fd4470cad7') in 0.012106 seconds 
========================================================================
Received Import Request.
  Time since last request: 0.000020 seconds.
  path: Assets/Models/Materials/Velvet/Velvet.mat
  artifactKey: Guid(7a23d283fb7ee4d5aa795c5dd2f45d46) Importer(815301076,1909f56bfc062723c751e8b465ee728b)
Start importing Assets/Models/Materials/Velvet/Velvet.mat using Guid(7a23d283fb7ee4d5aa795c5dd2f45d46) Importer(815301076,1909f56bfc062723c751e8b465ee728b)  -> (artifact id: '82429f185e4f07ce641d869bd1eb4c3f') in 0.152300 seconds 
